{"C:\\projetos\\payment\\user\\coverage\\lcov-report\\block-navigation.js": {"path":"C:\\projetos\\payment\\user\\coverage\\lcov-report\\block-navigation.js","statementMap":{"0":{"start":{"line":2,"column":17},"end":{"line":84,"column":4}},"1":{"start":{"line":4,"column":31},"end":{"line":4,"column":72}},"2":{"start":{"line":7,"column":28},"end":{"line":7,"column":42}},"3":{"start":{"line":10,"column":20},"end":{"line":10,"column":76}},"4":{"start":{"line":14,"column":4},"end":{"line":17,"column":51}},"5":{"start":{"line":20,"column":32},"end":{"line":20,"column":67}},"6":{"start":{"line":25,"column":4},"end":{"line":25,"column":79}},"7":{"start":{"line":26,"column":4},"end":{"line":26,"column":69}},"8":{"start":{"line":30,"column":4},"end":{"line":30,"column":23}},"9":{"start":{"line":31,"column":4},"end":{"line":31,"column":25}},"10":{"start":{"line":32,"column":4},"end":{"line":36,"column":7}},"11":{"start":{"line":40,"column":20},"end":{"line":40,"column":21}},"12":{"start":{"line":41,"column":4},"end":{"line":45,"column":5}},"13":{"start":{"line":42,"column":6},"end":{"line":42,"column":53}},"14":{"start":{"line":43,"column":11},"end":{"line":45,"column":5}},"15":{"start":{"line":44,"column":6},"end":{"line":44,"column":35}},"16":{"start":{"line":47,"column":4},"end":{"line":47,"column":27}},"17":{"start":{"line":51,"column":20},"end":{"line":51,"column":21}},"18":{"start":{"line":53,"column":4},"end":{"line":58,"column":5}},"19":{"start":{"line":57,"column":6},"end":{"line":57,"column":35}},"20":{"start":{"line":60,"column":4},"end":{"line":60,"column":27}},"21":{"start":{"line":63,"column":2},"end":{"line":83,"column":4}},"22":{"start":{"line":64,"column":4},"end":{"line":70,"column":5}},"23":{"start":{"line":69,"column":6},"end":{"line":69,"column":13}},"24":{"start":{"line":72,"column":4},"end":{"line":82,"column":5}},"25":{"start":{"line":75,"column":8},"end":{"line":75,"column":19}},"26":{"start":{"line":76,"column":8},"end":{"line":76,"column":14}},"27":{"start":{"line":80,"column":8},"end":{"line":80,"column":23}},"28":{"start":{"line":81,"column":8},"end":{"line":81,"column":14}},"29":{"start":{"line":85,"column":0},"end":{"line":85,"column":47}}},"fnMap":{"0":{"name":"init","decl":{"start":{"line":2,"column":27},"end":{"line":2,"column":31}},"loc":{"start":{"line":2,"column":34},"end":{"line":84,"column":1}},"line":2},"1":{"name":"toggleClass","decl":{"start":{"line":24,"column":11},"end":{"line":24,"column":22}},"loc":{"start":{"line":24,"column":30},"end":{"line":27,"column":3}},"line":24},"2":{"name":"makeCurrent","decl":{"start":{"line":29,"column":11},"end":{"line":29,"column":22}},"loc":{"start":{"line":29,"column":30},"end":{"line":37,"column":3}},"line":29},"3":{"name":"goToPrevious","decl":{"start":{"line":39,"column":11},"end":{"line":39,"column":23}},"loc":{"start":{"line":39,"column":26},"end":{"line":48,"column":3}},"line":39},"4":{"name":"goToNext","decl":{"start":{"line":50,"column":11},"end":{"line":50,"column":19}},"loc":{"start":{"line":50,"column":22},"end":{"line":61,"column":3}},"line":50},"5":{"name":"jump","decl":{"start":{"line":63,"column":18},"end":{"line":63,"column":22}},"loc":{"start":{"line":63,"column":30},"end":{"line":83,"column":3}},"line":63}},"branchMap":{"0":{"loc":{"start":{"line":41,"column":4},"end":{"line":45,"column":5}},"type":"if","locations":[{"start":{"line":41,"column":4},"end":{"line":45,"column":5}},{"start":{"line":43,"column":11},"end":{"line":45,"column":5}}],"line":41},"1":{"loc":{"start":{"line":41,"column":8},"end":{"line":41,"column":62}},"type":"binary-expr","locations":[{"start":{"line":41,"column":8},"end":{"line":41,"column":40}},{"start":{"line":41,"column":44},"end":{"line":41,"column":62}}],"line":41},"2":{"loc":{"start":{"line":43,"column":11},"end":{"line":45,"column":5}},"type":"if","locations":[{"start":{"line":43,"column":11},"end":{"line":45,"column":5}},{"start":{},"end":{}}],"line":43},"3":{"loc":{"start":{"line":53,"column":4},"end":{"line":58,"column":5}},"type":"if","locations":[{"start":{"line":53,"column":4},"end":{"line":58,"column":5}},{"start":{},"end":{}}],"line":53},"4":{"loc":{"start":{"line":54,"column":6},"end":{"line":55,"column":55}},"type":"binary-expr","locations":[{"start":{"line":54,"column":6},"end":{"line":54,"column":38}},{"start":{"line":55,"column":6},"end":{"line":55,"column":55}}],"line":54},"5":{"loc":{"start":{"line":64,"column":4},"end":{"line":70,"column":5}},"type":"if","locations":[{"start":{"line":64,"column":4},"end":{"line":70,"column":5}},{"start":{},"end":{}}],"line":64},"6":{"loc":{"start":{"line":65,"column":6},"end":{"line":66,"column":36}},"type":"binary-expr","locations":[{"start":{"line":65,"column":6},"end":{"line":65,"column":70}},{"start":{"line":66,"column":6},"end":{"line":66,"column":36}}],"line":65},"7":{"loc":{"start":{"line":72,"column":4},"end":{"line":82,"column":5}},"type":"switch","locations":[{"start":{"line":73,"column":6},"end":{"line":73,"column":14}},{"start":{"line":74,"column":6},"end":{"line":76,"column":14}},{"start":{"line":77,"column":6},"end":{"line":77,"column":14}},{"start":{"line":78,"column":6},"end":{"line":78,"column":14}},{"start":{"line":79,"column":6},"end":{"line":81,"column":14}}],"line":72}},"s":{"0":0,"1":0,"2":0,"3":0,"4":0,"5":0,"6":0,"7":0,"8":0,"9":0,"10":0,"11":0,"12":0,"13":0,"14":0,"15":0,"16":0,"17":0,"18":0,"19":0,"20":0,"21":0,"22":0,"23":0,"24":0,"25":0,"26":0,"27":0,"28":0,"29":0},"f":{"0":0,"1":0,"2":0,"3":0,"4":0,"5":0},"b":{"0":[0,0],"1":[0,0],"2":[0,0],"3":[0,0],"4":[0,0],"5":[0,0],"6":[0,0],"7":[0,0,0,0,0]}}
,"C:\\projetos\\payment\\user\\coverage\\lcov-report\\prettify.js": {"path":"C:\\projetos\\payment\\user\\coverage\\lcov-report\\prettify.js","statementMap":{"0":{"start":{"line":2,"column":0},"end":{"line":2,"column":41}},"1":{"start":{"line":3,"column":0},"end":{"line":930,"column":5}},"2":{"start":{"line":4,"column":10},"end":{"line":4,"column":56}},"3":{"start":{"line":5,"column":10},"end":{"line":8,"column":3}},"4":{"start":{"line":9,"column":10},"end":{"line":12,"column":3}},"5":{"start":{"line":13,"column":10},"end":{"line":16,"column":3}},"6":{"start":{"line":17,"column":10},"end":{"line":20,"column":3}},"7":{"start":{"line":21,"column":10},"end":{"line":24,"column":3}},"8":{"start":{"line":26,"column":4},"end":{"line":26,"column":162}},"9":{"start":{"line":27,"column":10},"end":{"line":30,"column":3}},"10":{"start":{"line":32,"column":4},"end":{"line":32,"column":180}},"11":{"start":{"line":33,"column":10},"end":{"line":36,"column":3}},"12":{"start":{"line":37,"column":10},"end":{"line":40,"column":3}},"13":{"start":{"line":41,"column":10},"end":{"line":41,"column":77}},"14":{"start":{"line":42,"column":10},"end":{"line":42,"column":32}},"15":{"start":{"line":44,"column":4},"end":{"line":44,"column":116}},"16":{"start":{"line":45,"column":10},"end":{"line":45,"column":15}},"17":{"start":{"line":46,"column":10},"end":{"line":46,"column":15}},"18":{"start":{"line":47,"column":10},"end":{"line":47,"column":15}},"19":{"start":{"line":48,"column":10},"end":{"line":48,"column":15}},"20":{"start":{"line":49,"column":10},"end":{"line":49,"column":15}},"21":{"start":{"line":50,"column":10},"end":{"line":50,"column":15}},"22":{"start":{"line":51,"column":10},"end":{"line":51,"column":15}},"23":{"start":{"line":52,"column":10},"end":{"line":52,"column":15}},"24":{"start":{"line":53,"column":10},"end":{"line":53,"column":15}},"25":{"start":{"line":54,"column":10},"end":{"line":54,"column":15}},"26":{"start":{"line":55,"column":10},"end":{"line":55,"column":15}},"27":{"start":{"line":56,"column":10},"end":{"line":56,"column":15}},"28":{"start":{"line":57,"column":10},"end":{"line":57,"column":18}},"29":{"start":{"line":59,"column":4},"end":{"line":59,"column":303}},"30":{"start":{"line":61,"column":13},"end":{"line":61,"column":14}},"31":{"start":{"line":62,"column":12},"end":{"line":62,"column":17}},"32":{"start":{"line":63,"column":13},"end":{"line":63,"column":18}},"33":{"start":{"line":64,"column":4},"end":{"line":79,"column":5}},"34":{"start":{"line":64,"column":17},"end":{"line":64,"column":18}},"35":{"start":{"line":64,"column":24},"end":{"line":64,"column":32}},"36":{"start":{"line":65,"column":15},"end":{"line":65,"column":19}},"37":{"start":{"line":66,"column":6},"end":{"line":78,"column":7}},"38":{"start":{"line":67,"column":8},"end":{"line":67,"column":18}},"39":{"start":{"line":69,"column":8},"end":{"line":77,"column":9}},"40":{"start":{"line":74,"column":10},"end":{"line":74,"column":19}},"41":{"start":{"line":75,"column":10},"end":{"line":75,"column":21}},"42":{"start":{"line":76,"column":10},"end":{"line":76,"column":16}},"43":{"start":{"line":80,"column":12},"end":{"line":80,"column":54}},"44":{"start":{"line":82,"column":15},"end":{"line":82,"column":31}},"45":{"start":{"line":83,"column":6},"end":{"line":85,"column":7}},"46":{"start":{"line":84,"column":8},"end":{"line":84,"column":18}},"47":{"start":{"line":86,"column":15},"end":{"line":86,"column":27}},"48":{"start":{"line":87,"column":6},"end":{"line":87,"column":17}},"49":{"start":{"line":88,"column":6},"end":{"line":100,"column":7}},"50":{"start":{"line":89,"column":8},"end":{"line":89,"column":18}},"51":{"start":{"line":91,"column":8},"end":{"line":99,"column":9}},"52":{"start":{"line":92,"column":10},"end":{"line":92,"column":46}},"53":{"start":{"line":94,"column":10},"end":{"line":98,"column":11}},"54":{"start":{"line":95,"column":12},"end":{"line":95,"column":49}},"55":{"start":{"line":97,"column":12},"end":{"line":97,"column":36}},"56":{"start":{"line":103,"column":6},"end":{"line":105,"column":7}},"57":{"start":{"line":104,"column":8},"end":{"line":104,"column":60}},"58":{"start":{"line":106,"column":15},"end":{"line":106,"column":38}},"59":{"start":{"line":107,"column":6},"end":{"line":109,"column":7}},"60":{"start":{"line":108,"column":8},"end":{"line":108,"column":23}},"61":{"start":{"line":110,"column":6},"end":{"line":110,"column":16}},"62":{"start":{"line":113,"column":15},"end":{"line":120,"column":9}},"63":{"start":{"line":121,"column":15},"end":{"line":121,"column":17}},"64":{"start":{"line":122,"column":15},"end":{"line":122,"column":17}},"65":{"start":{"line":123,"column":15},"end":{"line":123,"column":28}},"66":{"start":{"line":124,"column":6},"end":{"line":147,"column":7}},"67":{"start":{"line":124,"column":20},"end":{"line":124,"column":30}},"68":{"start":{"line":124,"column":37},"end":{"line":124,"column":46}},"69":{"start":{"line":125,"column":17},"end":{"line":125,"column":23}},"70":{"start":{"line":126,"column":8},"end":{"line":146,"column":9}},"71":{"start":{"line":127,"column":10},"end":{"line":127,"column":22}},"72":{"start":{"line":129,"column":19},"end":{"line":129,"column":25}},"73":{"start":{"line":131,"column":10},"end":{"line":136,"column":11}},"74":{"start":{"line":132,"column":12},"end":{"line":132,"column":32}},"75":{"start":{"line":133,"column":12},"end":{"line":133,"column":20}},"76":{"start":{"line":135,"column":12},"end":{"line":135,"column":20}},"77":{"start":{"line":137,"column":10},"end":{"line":137,"column":28}},"78":{"start":{"line":138,"column":10},"end":{"line":145,"column":11}},"79":{"start":{"line":139,"column":12},"end":{"line":141,"column":13}},"80":{"start":{"line":140,"column":14},"end":{"line":140,"column":70}},"81":{"start":{"line":142,"column":12},"end":{"line":144,"column":13}},"82":{"start":{"line":143,"column":14},"end":{"line":143,"column":73}},"83":{"start":{"line":148,"column":6},"end":{"line":150,"column":9}},"84":{"start":{"line":149,"column":8},"end":{"line":149,"column":46}},"85":{"start":{"line":151,"column":15},"end":{"line":151,"column":17}},"86":{"start":{"line":152,"column":15},"end":{"line":152,"column":25}},"87":{"start":{"line":153,"column":6},"end":{"line":160,"column":7}},"88":{"start":{"line":153,"column":20},"end":{"line":153,"column":21}},"89":{"start":{"line":154,"column":17},"end":{"line":154,"column":23}},"90":{"start":{"line":155,"column":8},"end":{"line":159,"column":9}},"91":{"start":{"line":156,"column":10},"end":{"line":156,"column":41}},"92":{"start":{"line":158,"column":10},"end":{"line":158,"column":29}},"93":{"start":{"line":161,"column":15},"end":{"line":161,"column":20}},"94":{"start":{"line":162,"column":6},"end":{"line":164,"column":7}},"95":{"start":{"line":163,"column":8},"end":{"line":163,"column":21}},"96":{"start":{"line":165,"column":6},"end":{"line":165,"column":28}},"97":{"start":{"line":166,"column":6},"end":{"line":175,"column":7}},"98":{"start":{"line":166,"column":20},"end":{"line":166,"column":21}},"99":{"start":{"line":167,"column":17},"end":{"line":167,"column":23}},"100":{"start":{"line":168,"column":8},"end":{"line":168,"column":26}},"101":{"start":{"line":169,"column":8},"end":{"line":174,"column":9}},"102":{"start":{"line":170,"column":10},"end":{"line":172,"column":11}},"103":{"start":{"line":171,"column":12},"end":{"line":171,"column":25}},"104":{"start":{"line":173,"column":10},"end":{"line":173,"column":28}},"105":{"start":{"line":176,"column":6},"end":{"line":176,"column":19}},"106":{"start":{"line":177,"column":6},"end":{"line":177,"column":25}},"107":{"start":{"line":180,"column":15},"end":{"line":185,"column":7}},"108":{"start":{"line":186,"column":15},"end":{"line":186,"column":24}},"109":{"start":{"line":187,"column":15},"end":{"line":187,"column":17}},"110":{"start":{"line":188,"column":6},"end":{"line":200,"column":7}},"111":{"start":{"line":188,"column":20},"end":{"line":188,"column":21}},"112":{"start":{"line":188,"column":28},"end":{"line":188,"column":29}},"113":{"start":{"line":189,"column":17},"end":{"line":189,"column":23}},"114":{"start":{"line":190,"column":8},"end":{"line":199,"column":9}},"115":{"start":{"line":191,"column":10},"end":{"line":191,"column":15}},"116":{"start":{"line":193,"column":10},"end":{"line":198,"column":11}},"117":{"start":{"line":194,"column":21},"end":{"line":194,"column":37}},"118":{"start":{"line":195,"column":12},"end":{"line":197,"column":13}},"119":{"start":{"line":196,"column":14},"end":{"line":196,"column":26}},"120":{"start":{"line":201,"column":6},"end":{"line":205,"column":7}},"121":{"start":{"line":201,"column":20},"end":{"line":201,"column":21}},"122":{"start":{"line":202,"column":8},"end":{"line":204,"column":9}},"123":{"start":{"line":203,"column":10},"end":{"line":203,"column":24}},"124":{"start":{"line":206,"column":6},"end":{"line":221,"column":7}},"125":{"start":{"line":206,"column":20},"end":{"line":206,"column":21}},"126":{"start":{"line":206,"column":28},"end":{"line":206,"column":29}},"127":{"start":{"line":207,"column":17},"end":{"line":207,"column":23}},"128":{"start":{"line":208,"column":8},"end":{"line":220,"column":9}},"129":{"start":{"line":209,"column":10},"end":{"line":209,"column":15}},"130":{"start":{"line":210,"column":10},"end":{"line":212,"column":11}},"131":{"start":{"line":211,"column":12},"end":{"line":211,"column":27}},"132":{"start":{"line":214,"column":10},"end":{"line":219,"column":11}},"133":{"start":{"line":215,"column":21},"end":{"line":215,"column":37}},"134":{"start":{"line":216,"column":12},"end":{"line":218,"column":13}},"135":{"start":{"line":217,"column":14},"end":{"line":217,"column":37}},"136":{"start":{"line":222,"column":6},"end":{"line":226,"column":7}},"137":{"start":{"line":222,"column":20},"end":{"line":222,"column":21}},"138":{"start":{"line":222,"column":28},"end":{"line":222,"column":29}},"139":{"start":{"line":223,"column":8},"end":{"line":225,"column":9}},"140":{"start":{"line":224,"column":10},"end":{"line":224,"column":22}},"141":{"start":{"line":227,"column":6},"end":{"line":242,"column":7}},"142":{"start":{"line":228,"column":8},"end":{"line":241,"column":9}},"143":{"start":{"line":228,"column":22},"end":{"line":228,"column":23}},"144":{"start":{"line":229,"column":19},"end":{"line":229,"column":25}},"145":{"start":{"line":230,"column":19},"end":{"line":230,"column":31}},"146":{"start":{"line":231,"column":10},"end":{"line":240,"column":11}},"147":{"start":{"line":232,"column":12},"end":{"line":232,"column":27}},"148":{"start":{"line":234,"column":12},"end":{"line":239,"column":13}},"149":{"start":{"line":235,"column":14},"end":{"line":238,"column":17}},"150":{"start":{"line":236,"column":25},"end":{"line":236,"column":41}},"151":{"start":{"line":237,"column":16},"end":{"line":237,"column":74}},"152":{"start":{"line":243,"column":6},"end":{"line":243,"column":25}},"153":{"start":{"line":245,"column":13},"end":{"line":245,"column":15}},"154":{"start":{"line":246,"column":4},"end":{"line":252,"column":5}},"155":{"start":{"line":246,"column":17},"end":{"line":246,"column":18}},"156":{"start":{"line":246,"column":24},"end":{"line":246,"column":32}},"157":{"start":{"line":247,"column":15},"end":{"line":247,"column":19}},"158":{"start":{"line":248,"column":6},"end":{"line":250,"column":7}},"159":{"start":{"line":249,"column":8},"end":{"line":249,"column":33}},"160":{"start":{"line":251,"column":6},"end":{"line":251,"column":35}},"161":{"start":{"line":253,"column":4},"end":{"line":253,"column":53}},"162":{"start":{"line":256,"column":12},"end":{"line":256,"column":36}},"163":{"start":{"line":257,"column":12},"end":{"line":257,"column":14}},"164":{"start":{"line":258,"column":12},"end":{"line":258,"column":13}},"165":{"start":{"line":259,"column":12},"end":{"line":259,"column":14}},"166":{"start":{"line":260,"column":12},"end":{"line":260,"column":13}},"167":{"start":{"line":262,"column":4},"end":{"line":270,"column":5}},"168":{"start":{"line":263,"column":6},"end":{"line":263,"column":36}},"169":{"start":{"line":265,"column":6},"end":{"line":269,"column":7}},"170":{"start":{"line":266,"column":8},"end":{"line":268,"column":43}},"171":{"start":{"line":271,"column":12},"end":{"line":271,"column":44}},"172":{"start":{"line":273,"column":6},"end":{"line":303,"column":7}},"173":{"start":{"line":275,"column":10},"end":{"line":277,"column":11}},"174":{"start":{"line":276,"column":12},"end":{"line":276,"column":19}},"175":{"start":{"line":278,"column":10},"end":{"line":280,"column":11}},"176":{"start":{"line":278,"column":24},"end":{"line":278,"column":37}},"177":{"start":{"line":279,"column":12},"end":{"line":279,"column":19}},"178":{"start":{"line":281,"column":19},"end":{"line":281,"column":30}},"179":{"start":{"line":282,"column":10},"end":{"line":286,"column":11}},"180":{"start":{"line":283,"column":12},"end":{"line":283,"column":24}},"181":{"start":{"line":284,"column":12},"end":{"line":284,"column":28}},"182":{"start":{"line":285,"column":12},"end":{"line":285,"column":35}},"183":{"start":{"line":287,"column":10},"end":{"line":287,"column":16}},"184":{"start":{"line":290,"column":19},"end":{"line":290,"column":31}},"185":{"start":{"line":291,"column":10},"end":{"line":301,"column":11}},"186":{"start":{"line":292,"column":12},"end":{"line":296,"column":13}},"187":{"start":{"line":293,"column":14},"end":{"line":293,"column":50}},"188":{"start":{"line":295,"column":14},"end":{"line":295,"column":46}},"189":{"start":{"line":297,"column":12},"end":{"line":297,"column":22}},"190":{"start":{"line":298,"column":12},"end":{"line":298,"column":26}},"191":{"start":{"line":299,"column":12},"end":{"line":299,"column":27}},"192":{"start":{"line":300,"column":12},"end":{"line":300,"column":35}},"193":{"start":{"line":302,"column":10},"end":{"line":302,"column":16}},"194":{"start":{"line":305,"column":4},"end":{"line":305,"column":10}},"195":{"start":{"line":306,"column":4},"end":{"line":306,"column":67}},"196":{"start":{"line":309,"column":4},"end":{"line":311,"column":5}},"197":{"start":{"line":310,"column":6},"end":{"line":310,"column":13}},"198":{"start":{"line":312,"column":12},"end":{"line":312,"column":41}},"199":{"start":{"line":313,"column":4},"end":{"line":313,"column":9}},"200":{"start":{"line":314,"column":4},"end":{"line":314,"column":35}},"201":{"start":{"line":316,"column":10},"end":{"line":316,"column":14}},"202":{"start":{"line":318,"column":12},"end":{"line":318,"column":21}},"203":{"start":{"line":319,"column":4},"end":{"line":322,"column":5}},"204":{"start":{"line":319,"column":17},"end":{"line":319,"column":29}},"205":{"start":{"line":320,"column":14},"end":{"line":320,"column":24}},"206":{"start":{"line":321,"column":6},"end":{"line":321,"column":78}},"207":{"start":{"line":323,"column":4},"end":{"line":323,"column":35}},"208":{"start":{"line":326,"column":12},"end":{"line":326,"column":14}},"209":{"start":{"line":328,"column":4},"end":{"line":349,"column":9}},"210":{"start":{"line":329,"column":15},"end":{"line":329,"column":26}},"211":{"start":{"line":330,"column":15},"end":{"line":330,"column":17}},"212":{"start":{"line":331,"column":15},"end":{"line":331,"column":17}},"213":{"start":{"line":332,"column":6},"end":{"line":346,"column":7}},"214":{"start":{"line":332,"column":20},"end":{"line":332,"column":21}},"215":{"start":{"line":332,"column":27},"end":{"line":332,"column":36}},"216":{"start":{"line":333,"column":16},"end":{"line":333,"column":22}},"217":{"start":{"line":334,"column":17},"end":{"line":334,"column":21}},"218":{"start":{"line":335,"column":8},"end":{"line":339,"column":9}},"219":{"start":{"line":336,"column":10},"end":{"line":338,"column":11}},"220":{"start":{"line":336,"column":24},"end":{"line":336,"column":33}},"221":{"start":{"line":337,"column":12},"end":{"line":337,"column":33}},"222":{"start":{"line":340,"column":17},"end":{"line":340,"column":21}},"223":{"start":{"line":341,"column":17},"end":{"line":341,"column":24}},"224":{"start":{"line":342,"column":8},"end":{"line":345,"column":9}},"225":{"start":{"line":343,"column":10},"end":{"line":343,"column":22}},"226":{"start":{"line":344,"column":10},"end":{"line":344,"column":24}},"227":{"start":{"line":347,"column":6},"end":{"line":347,"column":29}},"228":{"start":{"line":348,"column":6},"end":{"line":348,"column":16}},"229":{"start":{"line":350,"column":12},"end":{"line":350,"column":20}},"230":{"start":{"line":351,"column":12},"end":{"line":411,"column":5}},"231":{"start":{"line":352,"column":14},"end":{"line":352,"column":27}},"232":{"start":{"line":353,"column":12},"end":{"line":353,"column":22}},"233":{"start":{"line":354,"column":15},"end":{"line":354,"column":21}},"234":{"start":{"line":355,"column":15},"end":{"line":355,"column":16}},"235":{"start":{"line":356,"column":15},"end":{"line":356,"column":31}},"236":{"start":{"line":357,"column":15},"end":{"line":357,"column":17}},"237":{"start":{"line":358,"column":6},"end":{"line":409,"column":7}},"238":{"start":{"line":358,"column":20},"end":{"line":358,"column":21}},"239":{"start":{"line":358,"column":28},"end":{"line":358,"column":37}},"240":{"start":{"line":359,"column":17},"end":{"line":359,"column":23}},"241":{"start":{"line":360,"column":17},"end":{"line":360,"column":23}},"242":{"start":{"line":361,"column":17},"end":{"line":361,"column":23}},"243":{"start":{"line":363,"column":8},"end":{"line":391,"column":9}},"244":{"start":{"line":364,"column":10},"end":{"line":364,"column":21}},"245":{"start":{"line":366,"column":19},"end":{"line":366,"column":34}},"246":{"start":{"line":367,"column":10},"end":{"line":382,"column":11}},"247":{"start":{"line":368,"column":12},"end":{"line":368,"column":33}},"248":{"start":{"line":369,"column":12},"end":{"line":369,"column":23}},"249":{"start":{"line":371,"column":12},"end":{"line":378,"column":13}},"250":{"start":{"line":371,"column":26},"end":{"line":371,"column":27}},"251":{"start":{"line":372,"column":14},"end":{"line":372,"column":25}},"252":{"start":{"line":373,"column":14},"end":{"line":373,"column":35}},"253":{"start":{"line":374,"column":14},"end":{"line":377,"column":15}},"254":{"start":{"line":375,"column":16},"end":{"line":375,"column":27}},"255":{"start":{"line":376,"column":16},"end":{"line":376,"column":22}},"256":{"start":{"line":379,"column":12},"end":{"line":381,"column":13}},"257":{"start":{"line":380,"column":14},"end":{"line":380,"column":21}},"258":{"start":{"line":383,"column":10},"end":{"line":383,"column":64}},"259":{"start":{"line":384,"column":10},"end":{"line":387,"column":11}},"260":{"start":{"line":385,"column":12},"end":{"line":385,"column":23}},"261":{"start":{"line":386,"column":12},"end":{"line":386,"column":19}},"262":{"start":{"line":388,"column":10},"end":{"line":390,"column":11}},"263":{"start":{"line":389,"column":12},"end":{"line":389,"column":24}},"264":{"start":{"line":392,"column":17},"end":{"line":392,"column":19}},"265":{"start":{"line":393,"column":8},"end":{"line":393,"column":24}},"266":{"start":{"line":394,"column":8},"end":{"line":408,"column":9}},"267":{"start":{"line":395,"column":10},"end":{"line":395,"column":30}},"268":{"start":{"line":397,"column":19},"end":{"line":397,"column":24}},"269":{"start":{"line":398,"column":19},"end":{"line":398,"column":33}},"270":{"start":{"line":399,"column":19},"end":{"line":399,"column":33}},"271":{"start":{"line":400,"column":10},"end":{"line":403,"column":11}},"272":{"start":{"line":401,"column":12},"end":{"line":401,"column":42}},"273":{"start":{"line":402,"column":12},"end":{"line":402,"column":32}},"274":{"start":{"line":404,"column":19},"end":{"line":404,"column":34}},"275":{"start":{"line":405,"column":10},"end":{"line":405,"column":48}},"276":{"start":{"line":406,"column":10},"end":{"line":406,"column":44}},"277":{"start":{"line":407,"column":10},"end":{"line":407,"column":50}},"278":{"start":{"line":410,"column":6},"end":{"line":410,"column":26}},"279":{"start":{"line":412,"column":4},"end":{"line":412,"column":13}},"280":{"start":{"line":415,"column":12},"end":{"line":415,"column":14}},"281":{"start":{"line":416,"column":10},"end":{"line":416,"column":12}},"282":{"start":{"line":417,"column":4},"end":{"line":440,"column":5}},"283":{"start":{"line":418,"column":6},"end":{"line":423,"column":9}},"284":{"start":{"line":425,"column":6},"end":{"line":439,"column":7}},"285":{"start":{"line":426,"column":8},"end":{"line":431,"column":11}},"286":{"start":{"line":433,"column":8},"end":{"line":438,"column":11}},"287":{"start":{"line":441,"column":4},"end":{"line":443,"column":5}},"288":{"start":{"line":442,"column":6},"end":{"line":442,"column":55}},"289":{"start":{"line":444,"column":12},"end":{"line":444,"column":26}},"290":{"start":{"line":445,"column":4},"end":{"line":465,"column":5}},"291":{"start":{"line":446,"column":6},"end":{"line":464,"column":7}},"292":{"start":{"line":447,"column":8},"end":{"line":456,"column":9}},"293":{"start":{"line":448,"column":10},"end":{"line":448,"column":74}},"294":{"start":{"line":450,"column":10},"end":{"line":455,"column":13}},"295":{"start":{"line":457,"column":8},"end":{"line":461,"column":11}},"296":{"start":{"line":463,"column":8},"end":{"line":463,"column":45}},"297":{"start":{"line":466,"column":4},"end":{"line":469,"column":5}},"298":{"start":{"line":467,"column":6},"end":{"line":467,"column":41}},"299":{"start":{"line":468,"column":6},"end":{"line":468,"column":51}},"300":{"start":{"line":470,"column":4},"end":{"line":474,"column":5}},"301":{"start":{"line":472,"column":8},"end":{"line":472,"column":103}},"302":{"start":{"line":473,"column":6},"end":{"line":473,"column":66}},"303":{"start":{"line":475,"column":12},"end":{"line":475,"column":19}},"304":{"start":{"line":476,"column":4},"end":{"line":478,"column":5}},"305":{"start":{"line":477,"column":6},"end":{"line":477,"column":21}},"306":{"start":{"line":479,"column":12},"end":{"line":479,"column":51}},"307":{"start":{"line":480,"column":4},"end":{"line":486,"column":5}},"308":{"start":{"line":481,"column":6},"end":{"line":485,"column":9}},"309":{"start":{"line":487,"column":4},"end":{"line":487,"column":45}},"310":{"start":{"line":488,"column":4},"end":{"line":503,"column":6}},"311":{"start":{"line":504,"column":4},"end":{"line":504,"column":19}},"312":{"start":{"line":506,"column":10},"end":{"line":512,"column":4}},"313":{"start":{"line":514,"column":12},"end":{"line":514,"column":36}},"314":{"start":{"line":515,"column":13},"end":{"line":515,"column":23}},"315":{"start":{"line":516,"column":13},"end":{"line":516,"column":28}},"316":{"start":{"line":518,"column":4},"end":{"line":526,"column":5}},"317":{"start":{"line":519,"column":6},"end":{"line":519,"column":36}},"318":{"start":{"line":521,"column":6},"end":{"line":525,"column":7}},"319":{"start":{"line":522,"column":8},"end":{"line":524,"column":43}},"320":{"start":{"line":527,"column":12},"end":{"line":527,"column":44}},"321":{"start":{"line":528,"column":13},"end":{"line":528,"column":35}},"322":{"start":{"line":529,"column":4},"end":{"line":531,"column":5}},"323":{"start":{"line":530,"column":6},"end":{"line":530,"column":35}},"324":{"start":{"line":532,"column":12},"end":{"line":532,"column":16}},"325":{"start":{"line":534,"column":6},"end":{"line":570,"column":7}},"326":{"start":{"line":536,"column":10},"end":{"line":538,"column":11}},"327":{"start":{"line":537,"column":12},"end":{"line":537,"column":18}},"328":{"start":{"line":539,"column":10},"end":{"line":548,"column":11}},"329":{"start":{"line":540,"column":12},"end":{"line":540,"column":19}},"330":{"start":{"line":541,"column":12},"end":{"line":543,"column":13}},"331":{"start":{"line":542,"column":14},"end":{"line":542,"column":44}},"332":{"start":{"line":545,"column":12},"end":{"line":547,"column":13}},"333":{"start":{"line":545,"column":26},"end":{"line":545,"column":39}},"334":{"start":{"line":546,"column":14},"end":{"line":546,"column":21}},"335":{"start":{"line":549,"column":10},"end":{"line":549,"column":16}},"336":{"start":{"line":552,"column":10},"end":{"line":568,"column":11}},"337":{"start":{"line":553,"column":21},"end":{"line":553,"column":33}},"338":{"start":{"line":554,"column":21},"end":{"line":554,"column":33}},"339":{"start":{"line":555,"column":12},"end":{"line":567,"column":13}},"340":{"start":{"line":556,"column":23},"end":{"line":556,"column":48}},"341":{"start":{"line":557,"column":14},"end":{"line":557,"column":32}},"342":{"start":{"line":558,"column":23},"end":{"line":558,"column":60}},"343":{"start":{"line":559,"column":14},"end":{"line":562,"column":15}},"344":{"start":{"line":560,"column":25},"end":{"line":560,"column":38}},"345":{"start":{"line":561,"column":16},"end":{"line":561,"column":71}},"346":{"start":{"line":563,"column":14},"end":{"line":563,"column":21}},"347":{"start":{"line":564,"column":14},"end":{"line":566,"column":15}},"348":{"start":{"line":565,"column":16},"end":{"line":565,"column":46}},"349":{"start":{"line":569,"column":10},"end":{"line":569,"column":16}},"350":{"start":{"line":573,"column":6},"end":{"line":578,"column":7}},"351":{"start":{"line":574,"column":8},"end":{"line":574,"column":27}},"352":{"start":{"line":575,"column":8},"end":{"line":577,"column":9}},"353":{"start":{"line":576,"column":10},"end":{"line":576,"column":17}},"354":{"start":{"line":580,"column":17},"end":{"line":580,"column":46}},"355":{"start":{"line":581,"column":17},"end":{"line":581,"column":30}},"356":{"start":{"line":582,"column":8},"end":{"line":590,"column":9}},"357":{"start":{"line":583,"column":19},"end":{"line":583,"column":28}},"358":{"start":{"line":584,"column":19},"end":{"line":584,"column":33}},"359":{"start":{"line":585,"column":10},"end":{"line":585,"column":29}},"360":{"start":{"line":586,"column":10},"end":{"line":589,"column":11}},"361":{"start":{"line":586,"column":24},"end":{"line":586,"column":26}},"362":{"start":{"line":587,"column":12},"end":{"line":587,"column":32}},"363":{"start":{"line":588,"column":12},"end":{"line":588,"column":31}},"364":{"start":{"line":591,"column":8},"end":{"line":591,"column":18}},"365":{"start":{"line":593,"column":15},"end":{"line":593,"column":36}},"366":{"start":{"line":594,"column":6},"end":{"line":596,"column":7}},"367":{"start":{"line":595,"column":8},"end":{"line":595,"column":16}},"368":{"start":{"line":597,"column":6},"end":{"line":597,"column":17}},"369":{"start":{"line":599,"column":4},"end":{"line":601,"column":5}},"370":{"start":{"line":599,"column":17},"end":{"line":599,"column":18}},"371":{"start":{"line":600,"column":6},"end":{"line":600,"column":15}},"372":{"start":{"line":602,"column":4},"end":{"line":604,"column":5}},"373":{"start":{"line":603,"column":6},"end":{"line":603,"column":37}},"374":{"start":{"line":605,"column":13},"end":{"line":605,"column":35}},"375":{"start":{"line":606,"column":4},"end":{"line":606,"column":30}},"376":{"start":{"line":607,"column":12},"end":{"line":607,"column":42}},"377":{"start":{"line":608,"column":4},"end":{"line":615,"column":5}},"378":{"start":{"line":608,"column":17},"end":{"line":608,"column":18}},"379":{"start":{"line":608,"column":24},"end":{"line":608,"column":32}},"380":{"start":{"line":609,"column":6},"end":{"line":609,"column":16}},"381":{"start":{"line":610,"column":6},"end":{"line":610,"column":42}},"382":{"start":{"line":611,"column":6},"end":{"line":613,"column":7}},"383":{"start":{"line":612,"column":8},"end":{"line":612,"column":50}},"384":{"start":{"line":614,"column":6},"end":{"line":614,"column":25}},"385":{"start":{"line":616,"column":4},"end":{"line":616,"column":22}},"386":{"start":{"line":619,"column":13},"end":{"line":619,"column":49}},"387":{"start":{"line":620,"column":13},"end":{"line":620,"column":18}},"388":{"start":{"line":621,"column":13},"end":{"line":621,"column":26}},"389":{"start":{"line":622,"column":13},"end":{"line":622,"column":22}},"390":{"start":{"line":623,"column":12},"end":{"line":623,"column":13}},"391":{"start":{"line":624,"column":13},"end":{"line":624,"column":21}},"392":{"start":{"line":625,"column":12},"end":{"line":625,"column":21}},"393":{"start":{"line":626,"column":13},"end":{"line":626,"column":14}},"394":{"start":{"line":627,"column":12},"end":{"line":627,"column":26}},"395":{"start":{"line":628,"column":12},"end":{"line":628,"column":20}},"396":{"start":{"line":629,"column":12},"end":{"line":629,"column":13}},"397":{"start":{"line":630,"column":4},"end":{"line":630,"column":14}},"398":{"start":{"line":632,"column":4},"end":{"line":639,"column":5}},"399":{"start":{"line":633,"column":6},"end":{"line":638,"column":7}},"400":{"start":{"line":634,"column":8},"end":{"line":634,"column":26}},"401":{"start":{"line":635,"column":8},"end":{"line":635,"column":26}},"402":{"start":{"line":637,"column":8},"end":{"line":637,"column":16}},"403":{"start":{"line":640,"column":4},"end":{"line":640,"column":11}},"404":{"start":{"line":641,"column":4},"end":{"line":651,"column":5}},"405":{"start":{"line":642,"column":15},"end":{"line":642,"column":20}},"406":{"start":{"line":643,"column":15},"end":{"line":643,"column":24}},"407":{"start":{"line":644,"column":14},"end":{"line":644,"column":20}},"408":{"start":{"line":645,"column":6},"end":{"line":647,"column":7}},"409":{"start":{"line":646,"column":8},"end":{"line":646,"column":15}},"410":{"start":{"line":648,"column":6},"end":{"line":648,"column":19}},"411":{"start":{"line":649,"column":6},"end":{"line":649,"column":19}},"412":{"start":{"line":650,"column":6},"end":{"line":650,"column":13}},"413":{"start":{"line":652,"column":4},"end":{"line":652,"column":22}},"414":{"start":{"line":653,"column":13},"end":{"line":653,"column":17}},"415":{"start":{"line":654,"column":4},"end":{"line":685,"column":5}},"416":{"start":{"line":655,"column":15},"end":{"line":655,"column":21}},"417":{"start":{"line":656,"column":14},"end":{"line":656,"column":30}},"418":{"start":{"line":657,"column":15},"end":{"line":657,"column":19}},"419":{"start":{"line":658,"column":15},"end":{"line":658,"column":29}},"420":{"start":{"line":659,"column":14},"end":{"line":659,"column":29}},"421":{"start":{"line":660,"column":15},"end":{"line":660,"column":25}},"422":{"start":{"line":662,"column":6},"end":{"line":677,"column":7}},"423":{"start":{"line":663,"column":8},"end":{"line":665,"column":9}},"424":{"start":{"line":664,"column":10},"end":{"line":664,"column":34}},"425":{"start":{"line":666,"column":8},"end":{"line":666,"column":25}},"426":{"start":{"line":667,"column":17},"end":{"line":667,"column":33}},"427":{"start":{"line":668,"column":17},"end":{"line":668,"column":41}},"428":{"start":{"line":669,"column":8},"end":{"line":669,"column":32}},"429":{"start":{"line":670,"column":17},"end":{"line":670,"column":30}},"430":{"start":{"line":671,"column":8},"end":{"line":671,"column":32}},"431":{"start":{"line":672,"column":8},"end":{"line":672,"column":27}},"432":{"start":{"line":673,"column":8},"end":{"line":676,"column":9}},"433":{"start":{"line":674,"column":10},"end":{"line":674,"column":66}},"434":{"start":{"line":675,"column":10},"end":{"line":675,"column":46}},"435":{"start":{"line":678,"column":6},"end":{"line":678,"column":12}},"436":{"start":{"line":679,"column":6},"end":{"line":681,"column":7}},"437":{"start":{"line":680,"column":8},"end":{"line":680,"column":16}},"438":{"start":{"line":682,"column":6},"end":{"line":684,"column":7}},"439":{"start":{"line":683,"column":8},"end":{"line":683,"column":15}},"440":{"start":{"line":687,"column":10},"end":{"line":687,"column":12}},"441":{"start":{"line":689,"column":4},"end":{"line":698,"column":5}},"442":{"start":{"line":689,"column":17},"end":{"line":689,"column":25}},"443":{"start":{"line":690,"column":14},"end":{"line":690,"column":18}},"444":{"start":{"line":691,"column":6},"end":{"line":697,"column":7}},"445":{"start":{"line":692,"column":8},"end":{"line":692,"column":17}},"446":{"start":{"line":694,"column":8},"end":{"line":696,"column":9}},"447":{"start":{"line":695,"column":10},"end":{"line":695,"column":65}},"448":{"start":{"line":701,"column":4},"end":{"line":703,"column":5}},"449":{"start":{"line":702,"column":6},"end":{"line":702,"column":62}},"450":{"start":{"line":704,"column":4},"end":{"line":704,"column":16}},"451":{"start":{"line":706,"column":2},"end":{"line":706,"column":25}},"452":{"start":{"line":707,"column":2},"end":{"line":724,"column":4}},"453":{"start":{"line":725,"column":2},"end":{"line":745,"column":4}},"454":{"start":{"line":746,"column":2},"end":{"line":746,"column":42}},"455":{"start":{"line":747,"column":2},"end":{"line":754,"column":5}},"456":{"start":{"line":755,"column":2},"end":{"line":755,"column":50}},"457":{"start":{"line":756,"column":2},"end":{"line":765,"column":4}},"458":{"start":{"line":766,"column":2},"end":{"line":766,"column":56}},"459":{"start":{"line":767,"column":2},"end":{"line":771,"column":5}},"460":{"start":{"line":772,"column":2},"end":{"line":780,"column":4}},"461":{"start":{"line":781,"column":2},"end":{"line":789,"column":4}},"462":{"start":{"line":790,"column":2},"end":{"line":798,"column":4}},"463":{"start":{"line":799,"column":2},"end":{"line":799,"column":75}},"464":{"start":{"line":800,"column":2},"end":{"line":810,"column":4}},"465":{"start":{"line":811,"column":2},"end":{"line":811,"column":41}},"466":{"start":{"line":813,"column":12},"end":{"line":813,"column":27}},"467":{"start":{"line":814,"column":4},"end":{"line":826,"column":5}},"468":{"start":{"line":815,"column":14},"end":{"line":815,"column":29}},"469":{"start":{"line":816,"column":14},"end":{"line":816,"column":26}},"470":{"start":{"line":817,"column":6},"end":{"line":817,"column":23}},"471":{"start":{"line":818,"column":6},"end":{"line":818,"column":24}},"472":{"start":{"line":819,"column":6},"end":{"line":819,"column":20}},"473":{"start":{"line":820,"column":6},"end":{"line":820,"column":17}},"474":{"start":{"line":821,"column":6},"end":{"line":821,"column":11}},"475":{"start":{"line":823,"column":6},"end":{"line":825,"column":7}},"476":{"start":{"line":824,"column":8},"end":{"line":824,"column":48}},"477":{"start":{"line":829,"column":12},"end":{"line":829,"column":41}},"478":{"start":{"line":830,"column":4},"end":{"line":830,"column":20}},"479":{"start":{"line":831,"column":4},"end":{"line":833,"column":5}},"480":{"start":{"line":832,"column":6},"end":{"line":832,"column":14}},"481":{"start":{"line":834,"column":12},"end":{"line":834,"column":63}},"482":{"start":{"line":835,"column":4},"end":{"line":835,"column":9}},"483":{"start":{"line":836,"column":4},"end":{"line":836,"column":23}},"484":{"start":{"line":840,"column":6},"end":{"line":840,"column":47}},"485":{"start":{"line":842,"column":13},"end":{"line":842,"column":44}},"486":{"start":{"line":843,"column":12},"end":{"line":843,"column":14}},"487":{"start":{"line":844,"column":4},"end":{"line":848,"column":5}},"488":{"start":{"line":844,"column":18},"end":{"line":844,"column":19}},"489":{"start":{"line":845,"column":6},"end":{"line":847,"column":7}},"490":{"start":{"line":845,"column":19},"end":{"line":845,"column":20}},"491":{"start":{"line":845,"column":26},"end":{"line":845,"column":39}},"492":{"start":{"line":846,"column":8},"end":{"line":846,"column":26}},"493":{"start":{"line":849,"column":4},"end":{"line":849,"column":14}},"494":{"start":{"line":850,"column":12},"end":{"line":850,"column":16}},"495":{"start":{"line":851,"column":4},"end":{"line":857,"column":5}},"496":{"start":{"line":852,"column":6},"end":{"line":856,"column":8}},"497":{"start":{"line":854,"column":10},"end":{"line":854,"column":29}},"498":{"start":{"line":858,"column":12},"end":{"line":858,"column":13}},"499":{"start":{"line":860,"column":13},"end":{"line":860,"column":45}},"500":{"start":{"line":861,"column":13},"end":{"line":861,"column":30}},"501":{"start":{"line":863,"column":15},"end":{"line":863,"column":75}},"502":{"start":{"line":864,"column":6},"end":{"line":899,"column":7}},"503":{"start":{"line":865,"column":17},"end":{"line":865,"column":21}},"504":{"start":{"line":866,"column":17},"end":{"line":866,"column":29}},"505":{"start":{"line":867,"column":8},"end":{"line":898,"column":9}},"506":{"start":{"line":868,"column":19},"end":{"line":868,"column":31}},"507":{"start":{"line":870,"column":10},"end":{"line":872,"column":11}},"508":{"start":{"line":871,"column":12},"end":{"line":871,"column":40}},"509":{"start":{"line":873,"column":10},"end":{"line":875,"column":11}},"510":{"start":{"line":874,"column":12},"end":{"line":874,"column":23}},"511":{"start":{"line":876,"column":19},"end":{"line":876,"column":24}},"512":{"start":{"line":877,"column":10},"end":{"line":888,"column":11}},"513":{"start":{"line":877,"column":24},"end":{"line":877,"column":37}},"514":{"start":{"line":878,"column":12},"end":{"line":887,"column":13}},"515":{"start":{"line":885,"column":14},"end":{"line":885,"column":24}},"516":{"start":{"line":886,"column":14},"end":{"line":886,"column":20}},"517":{"start":{"line":889,"column":10},"end":{"line":897,"column":11}},"518":{"start":{"line":890,"column":21},"end":{"line":890,"column":66}},"519":{"start":{"line":891,"column":12},"end":{"line":891,"column":70}},"520":{"start":{"line":892,"column":12},"end":{"line":894,"column":13}},"521":{"start":{"line":893,"column":14},"end":{"line":893,"column":24}},"522":{"start":{"line":895,"column":12},"end":{"line":895,"column":71}},"523":{"start":{"line":896,"column":12},"end":{"line":896,"column":17}},"524":{"start":{"line":900,"column":6},"end":{"line":906,"column":7}},"525":{"start":{"line":901,"column":8},"end":{"line":901,"column":27}},"526":{"start":{"line":903,"column":8},"end":{"line":905,"column":9}},"527":{"start":{"line":904,"column":10},"end":{"line":904,"column":15}},"528":{"start":{"line":908,"column":4},"end":{"line":908,"column":8}},"529":{"start":{"line":910,"column":2},"end":{"line":910,"column":28}},"530":{"start":{"line":911,"column":2},"end":{"line":911,"column":25}},"531":{"start":{"line":912,"column":2},"end":{"line":929,"column":4}},"532":{"start":{"line":931,"column":0},"end":{"line":955,"column":2}},"533":{"start":{"line":956,"column":0},"end":{"line":992,"column":2}},"534":{"start":{"line":993,"column":0},"end":{"line":1004,"column":2}},"535":{"start":{"line":1005,"column":0},"end":{"line":1008,"column":2}}},"fnMap":{"0":{"name":"(anonymous_0)","decl":{"start":{"line":3,"column":1},"end":{"line":3,"column":2}},"loc":{"start":{"line":3,"column":13},"end":{"line":930,"column":1}},"line":3},"1":{"name":"k","decl":{"start":{"line":60,"column":11},"end":{"line":60,"column":12}},"loc":{"start":{"line":60,"column":16},"end":{"line":254,"column":3}},"line":60},"2":{"name":"ab","decl":{"start":{"line":81,"column":13},"end":{"line":81,"column":15}},"loc":{"start":{"line":81,"column":20},"end":{"line":101,"column":5}},"line":81},"3":{"name":"T","decl":{"start":{"line":102,"column":13},"end":{"line":102,"column":14}},"loc":{"start":{"line":102,"column":19},"end":{"line":111,"column":5}},"line":102},"4":{"name":"X","decl":{"start":{"line":112,"column":13},"end":{"line":112,"column":14}},"loc":{"start":{"line":112,"column":19},"end":{"line":178,"column":5}},"line":112},"5":{"name":"(anonymous_5)","decl":{"start":{"line":148,"column":14},"end":{"line":148,"column":15}},"loc":{"start":{"line":148,"column":32},"end":{"line":150,"column":7}},"line":148},"6":{"name":"W","decl":{"start":{"line":179,"column":13},"end":{"line":179,"column":14}},"loc":{"start":{"line":179,"column":19},"end":{"line":244,"column":5}},"line":179},"7":{"name":"(anonymous_7)","decl":{"start":{"line":235,"column":47},"end":{"line":235,"column":48}},"loc":{"start":{"line":235,"column":61},"end":{"line":238,"column":15}},"line":235},"8":{"name":"a","decl":{"start":{"line":255,"column":11},"end":{"line":255,"column":12}},"loc":{"start":{"line":255,"column":16},"end":{"line":307,"column":3}},"line":255},"9":{"name":"aa","decl":{"start":{"line":272,"column":13},"end":{"line":272,"column":15}},"loc":{"start":{"line":272,"column":20},"end":{"line":304,"column":5}},"line":272},"10":{"name":"B","decl":{"start":{"line":308,"column":11},"end":{"line":308,"column":12}},"loc":{"start":{"line":308,"column":25},"end":{"line":315,"column":3}},"line":308},"11":{"name":"o","decl":{"start":{"line":317,"column":11},"end":{"line":317,"column":12}},"loc":{"start":{"line":317,"column":16},"end":{"line":324,"column":3}},"line":317},"12":{"name":"g","decl":{"start":{"line":325,"column":11},"end":{"line":325,"column":12}},"loc":{"start":{"line":325,"column":19},"end":{"line":413,"column":3}},"line":325},"13":{"name":"(anonymous_13)","decl":{"start":{"line":328,"column":5},"end":{"line":328,"column":6}},"loc":{"start":{"line":328,"column":17},"end":{"line":349,"column":5}},"line":328},"14":{"name":"(anonymous_14)","decl":{"start":{"line":351,"column":12},"end":{"line":351,"column":13}},"loc":{"start":{"line":351,"column":26},"end":{"line":411,"column":5}},"line":351},"15":{"name":"i","decl":{"start":{"line":414,"column":11},"end":{"line":414,"column":12}},"loc":{"start":{"line":414,"column":16},"end":{"line":505,"column":3}},"line":414},"16":{"name":"Q","decl":{"start":{"line":513,"column":11},"end":{"line":513,"column":12}},"loc":{"start":{"line":513,"column":20},"end":{"line":617,"column":3}},"line":513},"17":{"name":"ae","decl":{"start":{"line":533,"column":13},"end":{"line":533,"column":15}},"loc":{"start":{"line":533,"column":20},"end":{"line":571,"column":5}},"line":533},"18":{"name":"ad","decl":{"start":{"line":572,"column":13},"end":{"line":572,"column":15}},"loc":{"start":{"line":572,"column":20},"end":{"line":598,"column":5}},"line":572},"19":{"name":"ai","decl":{"start":{"line":579,"column":15},"end":{"line":579,"column":17}},"loc":{"start":{"line":579,"column":26},"end":{"line":592,"column":7}},"line":579},"20":{"name":"D","decl":{"start":{"line":618,"column":11},"end":{"line":618,"column":12}},"loc":{"start":{"line":618,"column":17},"end":{"line":686,"column":3}},"line":618},"21":{"name":"c","decl":{"start":{"line":688,"column":11},"end":{"line":688,"column":12}},"loc":{"start":{"line":688,"column":19},"end":{"line":699,"column":3}},"line":688},"22":{"name":"q","decl":{"start":{"line":700,"column":11},"end":{"line":700,"column":12}},"loc":{"start":{"line":700,"column":19},"end":{"line":705,"column":3}},"line":700},"23":{"name":"d","decl":{"start":{"line":812,"column":11},"end":{"line":812,"column":12}},"loc":{"start":{"line":812,"column":16},"end":{"line":827,"column":3}},"line":812},"24":{"name":"y","decl":{"start":{"line":828,"column":11},"end":{"line":828,"column":12}},"loc":{"start":{"line":828,"column":22},"end":{"line":837,"column":3}},"line":828},"25":{"name":"b","decl":{"start":{"line":838,"column":11},"end":{"line":838,"column":12}},"loc":{"start":{"line":838,"column":17},"end":{"line":909,"column":3}},"line":838},"26":{"name":"Y","decl":{"start":{"line":839,"column":13},"end":{"line":839,"column":14}},"loc":{"start":{"line":839,"column":19},"end":{"line":841,"column":5}},"line":839},"27":{"name":"(anonymous_27)","decl":{"start":{"line":853,"column":13},"end":{"line":853,"column":14}},"loc":{"start":{"line":853,"column":25},"end":{"line":855,"column":9}},"line":853},"28":{"name":"U","decl":{"start":{"line":862,"column":13},"end":{"line":862,"column":14}},"loc":{"start":{"line":862,"column":17},"end":{"line":907,"column":5}},"line":862}},"branchMap":{"0":{"loc":{"start":{"line":66,"column":6},"end":{"line":78,"column":7}},"type":"if","locations":[{"start":{"line":66,"column":6},"end":{"line":78,"column":7}},{"start":{"line":68,"column":13},"end":{"line":78,"column":7}}],"line":66},"1":{"loc":{"start":{"line":69,"column":8},"end":{"line":77,"column":9}},"type":"if","locations":[{"start":{"line":69,"column":8},"end":{"line":77,"column":9}},{"start":{},"end":{}}],"line":69},"2":{"loc":{"start":{"line":83,"column":6},"end":{"line":85,"column":7}},"type":"if","locations":[{"start":{"line":83,"column":6},"end":{"line":85,"column":7}},{"start":{},"end":{}}],"line":83},"3":{"loc":{"start":{"line":88,"column":6},"end":{"line":100,"column":7}},"type":"if","locations":[{"start":{"line":88,"column":6},"end":{"line":100,"column":7}},{"start":{"line":90,"column":13},"end":{"line":100,"column":7}}],"line":88},"4":{"loc":{"start":{"line":91,"column":8},"end":{"line":99,"column":9}},"type":"if","locations":[{"start":{"line":91,"column":8},"end":{"line":99,"column":9}},{"start":{"line":93,"column":15},"end":{"line":99,"column":9}}],"line":91},"5":{"loc":{"start":{"line":91,"column":12},"end":{"line":91,"column":34}},"type":"binary-expr","locations":[{"start":{"line":91,"column":12},"end":{"line":91,"column":21}},{"start":{"line":91,"column":25},"end":{"line":91,"column":34}}],"line":91},"6":{"loc":{"start":{"line":94,"column":10},"end":{"line":98,"column":11}},"type":"if","locations":[{"start":{"line":94,"column":10},"end":{"line":98,"column":11}},{"start":{"line":96,"column":17},"end":{"line":98,"column":11}}],"line":94},"7":{"loc":{"start":{"line":94,"column":14},"end":{"line":94,"column":38}},"type":"binary-expr","locations":[{"start":{"line":94,"column":14},"end":{"line":94,"column":24}},{"start":{"line":94,"column":28},"end":{"line":94,"column":38}}],"line":94},"8":{"loc":{"start":{"line":103,"column":6},"end":{"line":105,"column":7}},"type":"if","locations":[{"start":{"line":103,"column":6},"end":{"line":105,"column":7}},{"start":{},"end":{}}],"line":103},"9":{"loc":{"start":{"line":104,"column":16},"end":{"line":104,"column":40}},"type":"cond-expr","locations":[{"start":{"line":104,"column":26},"end":{"line":104,"column":32}},{"start":{"line":104,"column":35},"end":{"line":104,"column":40}}],"line":104},"10":{"loc":{"start":{"line":107,"column":6},"end":{"line":109,"column":7}},"type":"if","locations":[{"start":{"line":107,"column":6},"end":{"line":109,"column":7}},{"start":{},"end":{}}],"line":107},"11":{"loc":{"start":{"line":107,"column":10},"end":{"line":107,"column":63}},"type":"binary-expr","locations":[{"start":{"line":107,"column":10},"end":{"line":107,"column":21}},{"start":{"line":107,"column":25},"end":{"line":107,"column":35}},{"start":{"line":107,"column":39},"end":{"line":107,"column":49}},{"start":{"line":107,"column":53},"end":{"line":107,"column":63}}],"line":107},"12":{"loc":{"start":{"line":124,"column":20},"end":{"line":124,"column":30}},"type":"cond-expr","locations":[{"start":{"line":124,"column":25},"end":{"line":124,"column":26}},{"start":{"line":124,"column":29},"end":{"line":124,"column":30}}],"line":124},"13":{"loc":{"start":{"line":126,"column":8},"end":{"line":146,"column":9}},"type":"if","locations":[{"start":{"line":126,"column":8},"end":{"line":146,"column":9}},{"start":{"line":128,"column":15},"end":{"line":146,"column":9}}],"line":126},"14":{"loc":{"start":{"line":131,"column":10},"end":{"line":136,"column":11}},"type":"if","locations":[{"start":{"line":131,"column":10},"end":{"line":136,"column":11}},{"start":{"line":134,"column":17},"end":{"line":136,"column":11}}],"line":131},"15":{"loc":{"start":{"line":131,"column":14},"end":{"line":131,"column":47}},"type":"binary-expr","locations":[{"start":{"line":131,"column":14},"end":{"line":131,"column":25}},{"start":{"line":131,"column":29},"end":{"line":131,"column":47}}],"line":131},"16":{"loc":{"start":{"line":138,"column":10},"end":{"line":145,"column":11}},"type":"if","locations":[{"start":{"line":138,"column":10},"end":{"line":145,"column":11}},{"start":{},"end":{}}],"line":138},"17":{"loc":{"start":{"line":138,"column":16},"end":{"line":138,"column":35}},"type":"binary-expr","locations":[{"start":{"line":138,"column":16},"end":{"line":138,"column":23}},{"start":{"line":138,"column":27},"end":{"line":138,"column":35}}],"line":138},"18":{"loc":{"start":{"line":139,"column":12},"end":{"line":141,"column":13}},"type":"if","locations":[{"start":{"line":139,"column":12},"end":{"line":141,"column":13}},{"start":{},"end":{}}],"line":139},"19":{"loc":{"start":{"line":139,"column":18},"end":{"line":139,"column":36}},"type":"binary-expr","locations":[{"start":{"line":139,"column":18},"end":{"line":139,"column":25}},{"start":{"line":139,"column":29},"end":{"line":139,"column":36}}],"line":139},"20":{"loc":{"start":{"line":142,"column":12},"end":{"line":144,"column":13}},"type":"if","locations":[{"start":{"line":142,"column":12},"end":{"line":144,"column":13}},{"start":{},"end":{}}],"line":142},"21":{"loc":{"start":{"line":142,"column":18},"end":{"line":142,"column":37}},"type":"binary-expr","locations":[{"start":{"line":142,"column":18},"end":{"line":142,"column":25}},{"start":{"line":142,"column":29},"end":{"line":142,"column":37}}],"line":142},"22":{"loc":{"start":{"line":149,"column":15},"end":{"line":149,"column":45}},"type":"binary-expr","locations":[{"start":{"line":149,"column":15},"end":{"line":149,"column":28}},{"start":{"line":149,"column":32},"end":{"line":149,"column":45}}],"line":149},"23":{"loc":{"start":{"line":155,"column":8},"end":{"line":159,"column":9}},"type":"if","locations":[{"start":{"line":155,"column":8},"end":{"line":159,"column":9}},{"start":{"line":157,"column":15},"end":{"line":159,"column":9}}],"line":155},"24":{"loc":{"start":{"line":162,"column":6},"end":{"line":164,"column":7}},"type":"if","locations":[{"start":{"line":162,"column":6},"end":{"line":164,"column":7}},{"start":{},"end":{}}],"line":162},"25":{"loc":{"start":{"line":169,"column":8},"end":{"line":174,"column":9}},"type":"if","locations":[{"start":{"line":169,"column":8},"end":{"line":174,"column":9}},{"start":{},"end":{}}],"line":169},"26":{"loc":{"start":{"line":170,"column":10},"end":{"line":172,"column":11}},"type":"if","locations":[{"start":{"line":170,"column":10},"end":{"line":172,"column":11}},{"start":{},"end":{}}],"line":170},"27":{"loc":{"start":{"line":190,"column":8},"end":{"line":199,"column":9}},"type":"if","locations":[{"start":{"line":190,"column":8},"end":{"line":199,"column":9}},{"start":{"line":192,"column":15},"end":{"line":199,"column":9}}],"line":190},"28":{"loc":{"start":{"line":193,"column":10},"end":{"line":198,"column":11}},"type":"if","locations":[{"start":{"line":193,"column":10},"end":{"line":198,"column":11}},{"start":{},"end":{}}],"line":193},"29":{"loc":{"start":{"line":195,"column":12},"end":{"line":197,"column":13}},"type":"if","locations":[{"start":{"line":195,"column":12},"end":{"line":197,"column":13}},{"start":{},"end":{}}],"line":195},"30":{"loc":{"start":{"line":195,"column":16},"end":{"line":195,"column":30}},"type":"binary-expr","locations":[{"start":{"line":195,"column":16},"end":{"line":195,"column":18}},{"start":{"line":195,"column":22},"end":{"line":195,"column":30}}],"line":195},"31":{"loc":{"start":{"line":202,"column":8},"end":{"line":204,"column":9}},"type":"if","locations":[{"start":{"line":202,"column":8},"end":{"line":204,"column":9}},{"start":{},"end":{}}],"line":202},"32":{"loc":{"start":{"line":208,"column":8},"end":{"line":220,"column":9}},"type":"if","locations":[{"start":{"line":208,"column":8},"end":{"line":220,"column":9}},{"start":{"line":213,"column":15},"end":{"line":220,"column":9}}],"line":208},"33":{"loc":{"start":{"line":210,"column":10},"end":{"line":212,"column":11}},"type":"if","locations":[{"start":{"line":210,"column":10},"end":{"line":212,"column":11}},{"start":{},"end":{}}],"line":210},"34":{"loc":{"start":{"line":214,"column":10},"end":{"line":219,"column":11}},"type":"if","locations":[{"start":{"line":214,"column":10},"end":{"line":219,"column":11}},{"start":{},"end":{}}],"line":214},"35":{"loc":{"start":{"line":216,"column":12},"end":{"line":218,"column":13}},"type":"if","locations":[{"start":{"line":216,"column":12},"end":{"line":218,"column":13}},{"start":{},"end":{}}],"line":216},"36":{"loc":{"start":{"line":216,"column":16},"end":{"line":216,"column":30}},"type":"binary-expr","locations":[{"start":{"line":216,"column":16},"end":{"line":216,"column":18}},{"start":{"line":216,"column":22},"end":{"line":216,"column":30}}],"line":216},"37":{"loc":{"start":{"line":223,"column":8},"end":{"line":225,"column":9}},"type":"if","locations":[{"start":{"line":223,"column":8},"end":{"line":225,"column":9}},{"start":{},"end":{}}],"line":223},"38":{"loc":{"start":{"line":223,"column":12},"end":{"line":223,"column":48}},"type":"binary-expr","locations":[{"start":{"line":223,"column":12},"end":{"line":223,"column":26}},{"start":{"line":223,"column":30},"end":{"line":223,"column":48}}],"line":223},"39":{"loc":{"start":{"line":227,"column":6},"end":{"line":242,"column":7}},"type":"if","locations":[{"start":{"line":227,"column":6},"end":{"line":242,"column":7}},{"start":{},"end":{}}],"line":227},"40":{"loc":{"start":{"line":227,"column":10},"end":{"line":227,"column":28}},"type":"binary-expr","locations":[{"start":{"line":227,"column":10},"end":{"line":227,"column":23}},{"start":{"line":227,"column":27},"end":{"line":227,"column":28}}],"line":227},"41":{"loc":{"start":{"line":231,"column":10},"end":{"line":240,"column":11}},"type":"if","locations":[{"start":{"line":231,"column":10},"end":{"line":240,"column":11}},{"start":{"line":233,"column":17},"end":{"line":240,"column":11}}],"line":231},"42":{"loc":{"start":{"line":231,"column":14},"end":{"line":231,"column":42}},"type":"binary-expr","locations":[{"start":{"line":231,"column":14},"end":{"line":231,"column":28}},{"start":{"line":231,"column":32},"end":{"line":231,"column":42}}],"line":231},"43":{"loc":{"start":{"line":234,"column":12},"end":{"line":239,"column":13}},"type":"if","locations":[{"start":{"line":234,"column":12},"end":{"line":239,"column":13}},{"start":{},"end":{}}],"line":234},"44":{"loc":{"start":{"line":248,"column":6},"end":{"line":250,"column":7}},"type":"if","locations":[{"start":{"line":248,"column":6},"end":{"line":250,"column":7}},{"start":{},"end":{}}],"line":248},"45":{"loc":{"start":{"line":248,"column":10},"end":{"line":248,"column":35}},"type":"binary-expr","locations":[{"start":{"line":248,"column":10},"end":{"line":248,"column":19}},{"start":{"line":248,"column":23},"end":{"line":248,"column":35}}],"line":248},"46":{"loc":{"start":{"line":253,"column":36},"end":{"line":253,"column":51}},"type":"cond-expr","locations":[{"start":{"line":253,"column":41},"end":{"line":253,"column":45}},{"start":{"line":253,"column":48},"end":{"line":253,"column":51}}],"line":253},"47":{"loc":{"start":{"line":262,"column":4},"end":{"line":270,"column":5}},"type":"if","locations":[{"start":{"line":262,"column":4},"end":{"line":270,"column":5}},{"start":{"line":264,"column":11},"end":{"line":270,"column":5}}],"line":262},"48":{"loc":{"start":{"line":265,"column":6},"end":{"line":269,"column":7}},"type":"if","locations":[{"start":{"line":265,"column":6},"end":{"line":269,"column":7}},{"start":{},"end":{}}],"line":265},"49":{"loc":{"start":{"line":271,"column":12},"end":{"line":271,"column":44}},"type":"binary-expr","locations":[{"start":{"line":271,"column":12},"end":{"line":271,"column":13}},{"start":{"line":271,"column":17},"end":{"line":271,"column":44}}],"line":271},"50":{"loc":{"start":{"line":273,"column":6},"end":{"line":303,"column":7}},"type":"switch","locations":[{"start":{"line":274,"column":8},"end":{"line":287,"column":16}},{"start":{"line":288,"column":8},"end":{"line":288,"column":15}},{"start":{"line":289,"column":8},"end":{"line":302,"column":16}}],"line":273},"51":{"loc":{"start":{"line":275,"column":10},"end":{"line":277,"column":11}},"type":"if","locations":[{"start":{"line":275,"column":10},"end":{"line":277,"column":11}},{"start":{},"end":{}}],"line":275},"52":{"loc":{"start":{"line":282,"column":10},"end":{"line":286,"column":11}},"type":"if","locations":[{"start":{"line":282,"column":10},"end":{"line":286,"column":11}},{"start":{},"end":{}}],"line":282},"53":{"loc":{"start":{"line":282,"column":14},"end":{"line":282,"column":40}},"type":"binary-expr","locations":[{"start":{"line":282,"column":14},"end":{"line":282,"column":25}},{"start":{"line":282,"column":29},"end":{"line":282,"column":40}}],"line":282},"54":{"loc":{"start":{"line":291,"column":10},"end":{"line":301,"column":11}},"type":"if","locations":[{"start":{"line":291,"column":10},"end":{"line":301,"column":11}},{"start":{},"end":{}}],"line":291},"55":{"loc":{"start":{"line":292,"column":12},"end":{"line":296,"column":13}},"type":"if","locations":[{"start":{"line":292,"column":12},"end":{"line":296,"column":13}},{"start":{"line":294,"column":19},"end":{"line":296,"column":13}}],"line":292},"56":{"loc":{"start":{"line":309,"column":4},"end":{"line":311,"column":5}},"type":"if","locations":[{"start":{"line":309,"column":4},"end":{"line":311,"column":5}},{"start":{},"end":{}}],"line":309},"57":{"loc":{"start":{"line":321,"column":10},"end":{"line":321,"column":77}},"type":"cond-expr","locations":[{"start":{"line":321,"column":21},"end":{"line":321,"column":30}},{"start":{"line":321,"column":34},"end":{"line":321,"column":77}}],"line":321},"58":{"loc":{"start":{"line":321,"column":21},"end":{"line":321,"column":30}},"type":"cond-expr","locations":[{"start":{"line":321,"column":25},"end":{"line":321,"column":26}},{"start":{"line":321,"column":29},"end":{"line":321,"column":30}}],"line":321},"59":{"loc":{"start":{"line":321,"column":34},"end":{"line":321,"column":77}},"type":"cond-expr","locations":[{"start":{"line":321,"column":45},"end":{"line":321,"column":72}},{"start":{"line":321,"column":76},"end":{"line":321,"column":77}}],"line":321},"60":{"loc":{"start":{"line":321,"column":45},"end":{"line":321,"column":72}},"type":"cond-expr","locations":[{"start":{"line":321,"column":67},"end":{"line":321,"column":68}},{"start":{"line":321,"column":71},"end":{"line":321,"column":72}}],"line":321},"61":{"loc":{"start":{"line":323,"column":11},"end":{"line":323,"column":34}},"type":"cond-expr","locations":[{"start":{"line":323,"column":21},"end":{"line":323,"column":30}},{"start":{"line":323,"column":33},"end":{"line":323,"column":34}}],"line":323},"62":{"loc":{"start":{"line":335,"column":8},"end":{"line":339,"column":9}},"type":"if","locations":[{"start":{"line":335,"column":8},"end":{"line":339,"column":9}},{"start":{},"end":{}}],"line":335},"63":{"loc":{"start":{"line":342,"column":8},"end":{"line":345,"column":9}},"type":"if","locations":[{"start":{"line":342,"column":8},"end":{"line":345,"column":9}},{"start":{},"end":{}}],"line":342},"64":{"loc":{"start":{"line":356,"column":15},"end":{"line":356,"column":31}},"type":"binary-expr","locations":[{"start":{"line":356,"column":15},"end":{"line":356,"column":25}},{"start":{"line":356,"column":29},"end":{"line":356,"column":31}}],"line":356},"65":{"loc":{"start":{"line":363,"column":8},"end":{"line":391,"column":9}},"type":"if","locations":[{"start":{"line":363,"column":8},"end":{"line":391,"column":9}},{"start":{"line":365,"column":15},"end":{"line":391,"column":9}}],"line":363},"66":{"loc":{"start":{"line":367,"column":10},"end":{"line":382,"column":11}},"type":"if","locations":[{"start":{"line":367,"column":10},"end":{"line":382,"column":11}},{"start":{"line":370,"column":17},"end":{"line":382,"column":11}}],"line":367},"67":{"loc":{"start":{"line":374,"column":14},"end":{"line":377,"column":15}},"type":"if","locations":[{"start":{"line":374,"column":14},"end":{"line":377,"column":15}},{"start":{},"end":{}}],"line":374},"68":{"loc":{"start":{"line":379,"column":12},"end":{"line":381,"column":13}},"type":"if","locations":[{"start":{"line":379,"column":12},"end":{"line":381,"column":13}},{"start":{},"end":{}}],"line":379},"69":{"loc":{"start":{"line":383,"column":15},"end":{"line":383,"column":63}},"type":"binary-expr","locations":[{"start":{"line":383,"column":15},"end":{"line":383,"column":29}},{"start":{"line":383,"column":33},"end":{"line":383,"column":63}}],"line":383},"70":{"loc":{"start":{"line":384,"column":10},"end":{"line":387,"column":11}},"type":"if","locations":[{"start":{"line":384,"column":10},"end":{"line":387,"column":11}},{"start":{},"end":{}}],"line":384},"71":{"loc":{"start":{"line":384,"column":14},"end":{"line":384,"column":54}},"type":"binary-expr","locations":[{"start":{"line":384,"column":14},"end":{"line":384,"column":16}},{"start":{"line":384,"column":20},"end":{"line":384,"column":54}}],"line":384},"72":{"loc":{"start":{"line":384,"column":22},"end":{"line":384,"column":53}},"type":"binary-expr","locations":[{"start":{"line":384,"column":22},"end":{"line":384,"column":24}},{"start":{"line":384,"column":28},"end":{"line":384,"column":53}}],"line":384},"73":{"loc":{"start":{"line":388,"column":10},"end":{"line":390,"column":11}},"type":"if","locations":[{"start":{"line":388,"column":10},"end":{"line":390,"column":11}},{"start":{},"end":{}}],"line":388},"74":{"loc":{"start":{"line":394,"column":8},"end":{"line":408,"column":9}},"type":"if","locations":[{"start":{"line":394,"column":8},"end":{"line":408,"column":9}},{"start":{"line":396,"column":15},"end":{"line":408,"column":9}}],"line":394},"75":{"loc":{"start":{"line":400,"column":10},"end":{"line":403,"column":11}},"type":"if","locations":[{"start":{"line":400,"column":10},"end":{"line":403,"column":11}},{"start":{},"end":{}}],"line":400},"76":{"loc":{"start":{"line":417,"column":4},"end":{"line":440,"column":5}},"type":"if","locations":[{"start":{"line":417,"column":4},"end":{"line":440,"column":5}},{"start":{"line":424,"column":11},"end":{"line":440,"column":5}}],"line":417},"77":{"loc":{"start":{"line":425,"column":6},"end":{"line":439,"column":7}},"type":"if","locations":[{"start":{"line":425,"column":6},"end":{"line":439,"column":7}},{"start":{"line":432,"column":13},"end":{"line":439,"column":7}}],"line":425},"78":{"loc":{"start":{"line":441,"column":4},"end":{"line":443,"column":5}},"type":"if","locations":[{"start":{"line":441,"column":4},"end":{"line":443,"column":5}},{"start":{},"end":{}}],"line":441},"79":{"loc":{"start":{"line":445,"column":4},"end":{"line":465,"column":5}},"type":"if","locations":[{"start":{"line":445,"column":4},"end":{"line":465,"column":5}},{"start":{},"end":{}}],"line":445},"80":{"loc":{"start":{"line":446,"column":6},"end":{"line":464,"column":7}},"type":"if","locations":[{"start":{"line":446,"column":6},"end":{"line":464,"column":7}},{"start":{"line":462,"column":13},"end":{"line":464,"column":7}}],"line":446},"81":{"loc":{"start":{"line":447,"column":8},"end":{"line":456,"column":9}},"type":"if","locations":[{"start":{"line":447,"column":8},"end":{"line":456,"column":9}},{"start":{"line":449,"column":15},"end":{"line":456,"column":9}}],"line":447},"82":{"loc":{"start":{"line":466,"column":4},"end":{"line":469,"column":5}},"type":"if","locations":[{"start":{"line":466,"column":4},"end":{"line":469,"column":5}},{"start":{},"end":{}}],"line":466},"83":{"loc":{"start":{"line":470,"column":4},"end":{"line":474,"column":5}},"type":"if","locations":[{"start":{"line":470,"column":4},"end":{"line":474,"column":5}},{"start":{},"end":{}}],"line":470},"84":{"loc":{"start":{"line":476,"column":4},"end":{"line":478,"column":5}},"type":"if","locations":[{"start":{"line":476,"column":4},"end":{"line":478,"column":5}},{"start":{},"end":{}}],"line":476},"85":{"loc":{"start":{"line":480,"column":4},"end":{"line":486,"column":5}},"type":"if","locations":[{"start":{"line":480,"column":4},"end":{"line":486,"column":5}},{"start":{},"end":{}}],"line":480},"86":{"loc":{"start":{"line":518,"column":4},"end":{"line":526,"column":5}},"type":"if","locations":[{"start":{"line":518,"column":4},"end":{"line":526,"column":5}},{"start":{"line":520,"column":11},"end":{"line":526,"column":5}}],"line":518},"87":{"loc":{"start":{"line":521,"column":6},"end":{"line":525,"column":7}},"type":"if","locations":[{"start":{"line":521,"column":6},"end":{"line":525,"column":7}},{"start":{},"end":{}}],"line":521},"88":{"loc":{"start":{"line":527,"column":12},"end":{"line":527,"column":44}},"type":"binary-expr","locations":[{"start":{"line":527,"column":12},"end":{"line":527,"column":13}},{"start":{"line":527,"column":17},"end":{"line":527,"column":44}}],"line":527},"89":{"loc":{"start":{"line":534,"column":6},"end":{"line":570,"column":7}},"type":"switch","locations":[{"start":{"line":535,"column":8},"end":{"line":549,"column":16}},{"start":{"line":550,"column":8},"end":{"line":550,"column":15}},{"start":{"line":551,"column":8},"end":{"line":569,"column":16}}],"line":534},"90":{"loc":{"start":{"line":536,"column":10},"end":{"line":538,"column":11}},"type":"if","locations":[{"start":{"line":536,"column":10},"end":{"line":538,"column":11}},{"start":{},"end":{}}],"line":536},"91":{"loc":{"start":{"line":539,"column":10},"end":{"line":548,"column":11}},"type":"if","locations":[{"start":{"line":539,"column":10},"end":{"line":548,"column":11}},{"start":{"line":544,"column":17},"end":{"line":548,"column":11}}],"line":539},"92":{"loc":{"start":{"line":541,"column":12},"end":{"line":543,"column":13}},"type":"if","locations":[{"start":{"line":541,"column":12},"end":{"line":543,"column":13}},{"start":{},"end":{}}],"line":541},"93":{"loc":{"start":{"line":552,"column":10},"end":{"line":568,"column":11}},"type":"if","locations":[{"start":{"line":552,"column":10},"end":{"line":568,"column":11}},{"start":{},"end":{}}],"line":552},"94":{"loc":{"start":{"line":555,"column":12},"end":{"line":567,"column":13}},"type":"if","locations":[{"start":{"line":555,"column":12},"end":{"line":567,"column":13}},{"start":{},"end":{}}],"line":555},"95":{"loc":{"start":{"line":559,"column":14},"end":{"line":562,"column":15}},"type":"if","locations":[{"start":{"line":559,"column":14},"end":{"line":562,"column":15}},{"start":{},"end":{}}],"line":559},"96":{"loc":{"start":{"line":564,"column":14},"end":{"line":566,"column":15}},"type":"if","locations":[{"start":{"line":564,"column":14},"end":{"line":566,"column":15}},{"start":{},"end":{}}],"line":564},"97":{"loc":{"start":{"line":575,"column":8},"end":{"line":577,"column":9}},"type":"if","locations":[{"start":{"line":575,"column":8},"end":{"line":577,"column":9}},{"start":{},"end":{}}],"line":575},"98":{"loc":{"start":{"line":580,"column":17},"end":{"line":580,"column":46}},"type":"cond-expr","locations":[{"start":{"line":580,"column":22},"end":{"line":580,"column":41}},{"start":{"line":580,"column":44},"end":{"line":580,"column":46}}],"line":580},"99":{"loc":{"start":{"line":582,"column":8},"end":{"line":590,"column":9}},"type":"if","locations":[{"start":{"line":582,"column":8},"end":{"line":590,"column":9}},{"start":{},"end":{}}],"line":582},"100":{"loc":{"start":{"line":594,"column":19},"end":{"line":594,"column":60}},"type":"binary-expr","locations":[{"start":{"line":594,"column":20},"end":{"line":594,"column":38}},{"start":{"line":594,"column":43},"end":{"line":594,"column":60}}],"line":594},"101":{"loc":{"start":{"line":602,"column":4},"end":{"line":604,"column":5}},"type":"if","locations":[{"start":{"line":602,"column":4},"end":{"line":604,"column":5}},{"start":{},"end":{}}],"line":602},"102":{"loc":{"start":{"line":607,"column":12},"end":{"line":607,"column":42}},"type":"binary-expr","locations":[{"start":{"line":607,"column":12},"end":{"line":607,"column":37}},{"start":{"line":607,"column":41},"end":{"line":607,"column":42}}],"line":607},"103":{"loc":{"start":{"line":611,"column":6},"end":{"line":613,"column":7}},"type":"if","locations":[{"start":{"line":611,"column":6},"end":{"line":613,"column":7}},{"start":{},"end":{}}],"line":611},"104":{"loc":{"start":{"line":633,"column":6},"end":{"line":638,"column":7}},"type":"if","locations":[{"start":{"line":633,"column":6},"end":{"line":638,"column":7}},{"start":{"line":636,"column":13},"end":{"line":638,"column":7}}],"line":633},"105":{"loc":{"start":{"line":645,"column":13},"end":{"line":645,"column":42}},"type":"binary-expr","locations":[{"start":{"line":645,"column":13},"end":{"line":645,"column":23}},{"start":{"line":645,"column":27},"end":{"line":645,"column":42}}],"line":645},"106":{"loc":{"start":{"line":656,"column":14},"end":{"line":656,"column":30}},"type":"binary-expr","locations":[{"start":{"line":656,"column":14},"end":{"line":656,"column":24}},{"start":{"line":656,"column":28},"end":{"line":656,"column":30}}],"line":656},"107":{"loc":{"start":{"line":658,"column":15},"end":{"line":658,"column":29}},"type":"binary-expr","locations":[{"start":{"line":658,"column":15},"end":{"line":658,"column":23}},{"start":{"line":658,"column":27},"end":{"line":658,"column":29}}],"line":658},"108":{"loc":{"start":{"line":662,"column":6},"end":{"line":677,"column":7}},"type":"if","locations":[{"start":{"line":662,"column":6},"end":{"line":677,"column":7}},{"start":{},"end":{}}],"line":662},"109":{"loc":{"start":{"line":662,"column":10},"end":{"line":662,"column":55}},"type":"binary-expr","locations":[{"start":{"line":662,"column":10},"end":{"line":662,"column":27}},{"start":{"line":662,"column":32},"end":{"line":662,"column":54}}],"line":662},"110":{"loc":{"start":{"line":663,"column":8},"end":{"line":665,"column":9}},"type":"if","locations":[{"start":{"line":663,"column":8},"end":{"line":665,"column":9}},{"start":{},"end":{}}],"line":663},"111":{"loc":{"start":{"line":673,"column":8},"end":{"line":676,"column":9}},"type":"if","locations":[{"start":{"line":673,"column":8},"end":{"line":676,"column":9}},{"start":{},"end":{}}],"line":673},"112":{"loc":{"start":{"line":679,"column":6},"end":{"line":681,"column":7}},"type":"if","locations":[{"start":{"line":679,"column":6},"end":{"line":681,"column":7}},{"start":{},"end":{}}],"line":679},"113":{"loc":{"start":{"line":682,"column":6},"end":{"line":684,"column":7}},"type":"if","locations":[{"start":{"line":682,"column":6},"end":{"line":684,"column":7}},{"start":{},"end":{}}],"line":682},"114":{"loc":{"start":{"line":691,"column":6},"end":{"line":697,"column":7}},"type":"if","locations":[{"start":{"line":691,"column":6},"end":{"line":697,"column":7}},{"start":{"line":693,"column":13},"end":{"line":697,"column":7}}],"line":691},"115":{"loc":{"start":{"line":694,"column":8},"end":{"line":696,"column":9}},"type":"if","locations":[{"start":{"line":694,"column":8},"end":{"line":696,"column":9}},{"start":{},"end":{}}],"line":694},"116":{"loc":{"start":{"line":701,"column":4},"end":{"line":703,"column":5}},"type":"if","locations":[{"start":{"line":701,"column":4},"end":{"line":703,"column":5}},{"start":{},"end":{}}],"line":701},"117":{"loc":{"start":{"line":701,"column":10},"end":{"line":701,"column":34}},"type":"binary-expr","locations":[{"start":{"line":701,"column":10},"end":{"line":701,"column":11}},{"start":{"line":701,"column":15},"end":{"line":701,"column":34}}],"line":701},"118":{"loc":{"start":{"line":702,"column":10},"end":{"line":702,"column":61}},"type":"cond-expr","locations":[{"start":{"line":702,"column":28},"end":{"line":702,"column":44}},{"start":{"line":702,"column":47},"end":{"line":702,"column":61}}],"line":702},"119":{"loc":{"start":{"line":823,"column":6},"end":{"line":825,"column":7}},"type":"if","locations":[{"start":{"line":823,"column":6},"end":{"line":825,"column":7}},{"start":{},"end":{}}],"line":823},"120":{"loc":{"start":{"line":824,"column":20},"end":{"line":824,"column":46}},"type":"cond-expr","locations":[{"start":{"line":824,"column":35},"end":{"line":824,"column":42}},{"start":{"line":824,"column":45},"end":{"line":824,"column":46}}],"line":824},"121":{"loc":{"start":{"line":824,"column":20},"end":{"line":824,"column":32}},"type":"binary-expr","locations":[{"start":{"line":824,"column":20},"end":{"line":824,"column":21}},{"start":{"line":824,"column":25},"end":{"line":824,"column":32}}],"line":824},"122":{"loc":{"start":{"line":831,"column":4},"end":{"line":833,"column":5}},"type":"if","locations":[{"start":{"line":831,"column":4},"end":{"line":833,"column":5}},{"start":{},"end":{}}],"line":831},"123":{"loc":{"start":{"line":851,"column":4},"end":{"line":857,"column":5}},"type":"if","locations":[{"start":{"line":851,"column":4},"end":{"line":857,"column":5}},{"start":{},"end":{}}],"line":851},"124":{"loc":{"start":{"line":863,"column":15},"end":{"line":863,"column":75}},"type":"cond-expr","locations":[{"start":{"line":863,"column":51},"end":{"line":863,"column":64}},{"start":{"line":863,"column":67},"end":{"line":863,"column":75}}],"line":863},"125":{"loc":{"start":{"line":864,"column":13},"end":{"line":864,"column":41}},"type":"binary-expr","locations":[{"start":{"line":864,"column":13},"end":{"line":864,"column":25}},{"start":{"line":864,"column":29},"end":{"line":864,"column":41}}],"line":864},"126":{"loc":{"start":{"line":867,"column":8},"end":{"line":898,"column":9}},"type":"if","locations":[{"start":{"line":867,"column":8},"end":{"line":898,"column":9}},{"start":{},"end":{}}],"line":867},"127":{"loc":{"start":{"line":870,"column":10},"end":{"line":872,"column":11}},"type":"if","locations":[{"start":{"line":870,"column":10},"end":{"line":872,"column":11}},{"start":{},"end":{}}],"line":870},"128":{"loc":{"start":{"line":870,"column":14},"end":{"line":870,"column":58}},"type":"binary-expr","locations":[{"start":{"line":870,"column":14},"end":{"line":870,"column":17}},{"start":{"line":870,"column":22},"end":{"line":870,"column":32}},{"start":{"line":870,"column":37},"end":{"line":870,"column":58}}],"line":870},"129":{"loc":{"start":{"line":873,"column":10},"end":{"line":875,"column":11}},"type":"if","locations":[{"start":{"line":873,"column":10},"end":{"line":875,"column":11}},{"start":{},"end":{}}],"line":873},"130":{"loc":{"start":{"line":878,"column":12},"end":{"line":887,"column":13}},"type":"if","locations":[{"start":{"line":878,"column":12},"end":{"line":887,"column":13}},{"start":{},"end":{}}],"line":878},"131":{"loc":{"start":{"line":879,"column":14},"end":{"line":883,"column":54}},"type":"binary-expr","locations":[{"start":{"line":879,"column":15},"end":{"line":879,"column":35}},{"start":{"line":880,"column":16},"end":{"line":880,"column":37}},{"start":{"line":881,"column":16},"end":{"line":881,"column":36}},{"start":{"line":882,"column":14},"end":{"line":882,"column":26}},{"start":{"line":883,"column":14},"end":{"line":883,"column":54}}],"line":879},"132":{"loc":{"start":{"line":889,"column":10},"end":{"line":897,"column":11}},"type":"if","locations":[{"start":{"line":889,"column":10},"end":{"line":897,"column":11}},{"start":{},"end":{}}],"line":889},"133":{"loc":{"start":{"line":891,"column":17},"end":{"line":891,"column":69}},"type":"cond-expr","locations":[{"start":{"line":891,"column":23},"end":{"line":891,"column":60}},{"start":{"line":891,"column":64},"end":{"line":891,"column":69}}],"line":891},"134":{"loc":{"start":{"line":891,"column":23},"
[...]
olumn":9},"end":{"line":5,"column":150}}],"line":4},"4":{"loc":{"start":{"line":4,"column":8},"end":{"line":4,"column":77}},"type":"binary-expr","locations":[{"start":{"line":4,"column":8},"end":{"line":4,"column":35}},{"start":{"line":4,"column":39},"end":{"line":4,"column":77}}],"line":4},"5":{"loc":{"start":{"line":5,"column":58},"end":{"line":5,"column":150}},"type":"if","locations":[{"start":{"line":5,"column":58},"end":{"line":5,"column":150}},{"start":{},"end":{}}],"line":5},"6":{"loc":{"start":{"line":5,"column":85},"end":{"line":5,"column":149}},"type":"binary-expr","locations":[{"start":{"line":5,"column":86},"end":{"line":5,"column":143}},{"start":{"line":5,"column":148},"end":{"line":5,"column":149}}],"line":5},"7":{"loc":{"start":{"line":5,"column":86},"end":{"line":5,"column":143}},"type":"cond-expr","locations":[{"start":{"line":5,"column":94},"end":{"line":5,"column":98}},{"start":{"line":5,"column":101},"end":{"line":5,"column":143}}],"line":5},"8":{"loc":{"start":{"line":5,"column":101},"end":{"line":5,"column":143}},"type":"cond-expr","locations":[{"start":{"line":5,"column":109},"end":{"line":5,"column":126}},{"start":{"line":5,"column":129},"end":{"line":5,"column":143}}],"line":5},"9":{"loc":{"start":{"line":6,"column":11},"end":{"line":6,"column":62}},"type":"binary-expr","locations":[{"start":{"line":6,"column":11},"end":{"line":6,"column":16}},{"start":{"line":6,"column":20},"end":{"line":6,"column":21}},{"start":{"line":6,"column":25},"end":{"line":6,"column":62}}],"line":6},"10":{"loc":{"start":{"line":8,"column":17},"end":{"line":10,"column":1}},"type":"binary-expr","locations":[{"start":{"line":8,"column":18},"end":{"line":8,"column":22}},{"start":{"line":8,"column":26},"end":{"line":8,"column":41}},{"start":{"line":8,"column":46},"end":{"line":10,"column":1}}],"line":8},"11":{"loc":{"start":{"line":9,"column":4},"end":{"line":9,"column":109}},"type":"if","locations":[{"start":{"line":9,"column":4},"end":{"line":9,"column":109}},{"start":{},"end":{}}],"line":9},"12":{"loc":{"start":{"line":9,"column":8},"end":{"line":9,"column":77}},"type":"binary-expr","locations":[{"start":{"line":9,"column":8},"end":{"line":9,"column":35}},{"start":{"line":9,"column":39},"end":{"line":9,"column":77}}],"line":9},"13":{"loc":{"start":{"line":11,"column":14},"end":{"line":13,"column":1}},"type":"binary-expr","locations":[{"start":{"line":11,"column":15},"end":{"line":11,"column":19}},{"start":{"line":11,"column":23},"end":{"line":11,"column":35}},{"start":{"line":11,"column":40},"end":{"line":13,"column":1}}],"line":11},"14":{"loc":{"start":{"line":33,"column":15},"end":{"line":33,"column":98}},"type":"cond-expr","locations":[{"start":{"line":33,"column":22},"end":{"line":33,"column":91}},{"start":{"line":33,"column":94},"end":{"line":33,"column":98}}],"line":33}},"s":{"0":0,"1":0,"2":0,"3":0,"4":0,"5":0,"6":0,"7":0,"8":0,"9":0,"10":0,"11":0,"12":0,"13":0,"14":0,"15":0,"16":0,"17":0,"18":0,"19":0,"20":0,"21":0,"22":0,"23":0,"24":0,"25":0,"26":0,"27":0,"28":0,"29":0,"30":0,"31":0,"32":0,"33":0},"f":{"0":0,"1":0,"2":0,"3":0,"4":0,"5":0,"6":0,"7":0,"8":0},"b":{"0":[0,0,0],"1":[0,0],"2":[0,0],"3":[0,0],"4":[0,0],"5":[0,0],"6":[0,0],"7":[0,0],"8":[0,0],"9":[0,0,0],"10":[0,0,0],"11":[0,0],"12":[0,0],"13":[0,0,0],"14":[0,0]}}
,"C:\\projetos\\payment\\user\\dist\\infrastructure\\schemas\\user.schema.d.ts": {"path":"C:\\projetos\\payment\\user\\dist\\infrastructure\\schemas\\user.schema.d.ts","statementMap":{},"fnMap":{},"branchMap":{},"s":{},"f":{},"b":{}}
,"C:\\projetos\\payment\\user\\dist\\infrastructure\\schemas\\user.schema.js": {"path":"C:\\projetos\\payment\\user\\dist\\infrastructure\\schemas\\user.schema.js","statementMap":{"0":{"start":{"line":2,"column":0},"end":{"line":2,"column":62}},"1":{"start":{"line":3,"column":0},"end":{"line":3,"column":28}},"2":{"start":{"line":4,"column":19},"end":{"line":4,"column":38}},"3":{"start":{"line":5,"column":0},"end":{"line":9,"column":3}}},"fnMap":{},"branchMap":{},"s":{"0":0,"1":0,"2":0,"3":0},"f":{},"b":{}}
,"C:\\projetos\\payment\\user\\src\\main.ts": {"path":"C:\\projetos\\payment\\user\\src\\main.ts","statementMap":{"0":{"start":{"line":1,"column":0},"end":{"line":1,"column":43}},"1":{"start":{"line":2,"column":0},"end":{"line":2,"column":65}},"2":{"start":{"line":3,"column":0},"end":{"line":3,"column":61}},"3":{"start":{"line":6,"column":14},"end":{"line":6,"column":49}},"4":{"start":{"line":8,"column":17},"end":{"line":12,"column":12}},"5":{"start":{"line":14,"column":19},"end":{"line":14,"column":60}},"6":{"start":{"line":15,"column":2},"end":{"line":15,"column":48}},"7":{"start":{"line":17,"column":2},"end":{"line":17,"column":25}},"8":{"start":{"line":18,"column":14},"end":{"line":18,"column":32}},"9":{"start":{"line":19,"column":2},"end":{"line":19,"column":54}},"10":{"start":{"line":20,"column":2},"end":{"line":20,"column":60}},"11":{"start":{"line":22,"column":0},"end":{"line":22,"column":12}}},"fnMap":{"0":{"name":"bootstrap","decl":{"start":{"line":5,"column":15},"end":{"line":5,"column":24}},"loc":{"start":{"line":5,"column":24},"end":{"line":21,"column":1}}}},"branchMap":{},"s":{"0":0,"1":0,"2":0,"3":0,"4":0,"5":0,"6":0,"7":0,"8":0,"9":0,"10":0,"11":0},"f":{"0":0},"b":{}}
,"C:\\projetos\\payment\\user\\src\\api\\controllers\\user.controller.ts": {"path":"C:\\projetos\\payment\\user\\src\\api\\controllers\\user.controller.ts","statementMap":{"0":{"start":{"line":1,"column":0},"end":{"line":1,"column":null}},"1":{"start":{"line":10,"column":0},"end":{"line":10,"column":52}},"2":{"start":{"line":11,"column":0},"end":{"line":11,"column":61}},"3":{"start":{"line":12,"column":0},"end":{"line":12,"column":83}},"4":{"start":{"line":13,"column":0},"end":{"line":13,"column":88}},"5":{"start":{"line":14,"column":0},"end":{"line":14,"column":56}},"6":{"start":{"line":18,"column":7},"end":{"line":45,"column":null}},"7":{"start":{"line":20,"column":41},"end":{"line":20,"column":53}},"8":{"start":{"line":21,"column":39},"end":{"line":21,"column":49}},"9":{"start":{"line":27,"column":30},"end":{"line":27,"column":53}},"10":{"start":{"line":28,"column":4},"end":{"line":28,"column":41}},"11":{"start":{"line":29,"column":4},"end":{"line":29,"column":39}},"12":{"start":{"line":30,"column":4},"end":{"line":30,"column":47}},"13":{"start":{"line":31,"column":4},"end":{"line":31,"column":54}},"14":{"start":{"line":42,"column":18},"end":{"line":42,"column":48}},"15":{"start":{"line":43,"column":4},"end":{"line":43,"column":40}},"16":{"start":{"line":18,"column":13},"end":{"line":18,"column":27}},"17":{"start":{"line":26,"column":8},"end":{"line":32,"column":null}},"18":{"start":{"line":25,"column":25},"end":{"line":25,"column":38}},"19":{"start":{"line":41,"column":8},"end":{"line":44,"column":null}},"20":{"start":{"line":18,"column":13},"end":{"line":45,"column":null}}},"fnMap":{"0":{"name":"(anonymous_4)","decl":{"start":{"line":19,"column":2},"end":{"line":19,"column":null}},"loc":{"start":{"line":21,"column":57},"end":{"line":22,"column":6}}},"1":{"name":"(anonymous_5)","decl":{"start":{"line":23,"column":2},"end":{"line":23,"column":14}},"loc":{"start":{"line":23,"column":14},"end":{"line":23,"column":19}}},"2":{"name":"(anonymous_6)","decl":{"start":{"line":26,"column":2},"end":{"line":26,"column":7}},"loc":{"start":{"line":26,"column":46},"end":{"line":32,"column":3}}},"3":{"name":"(anonymous_7)","decl":{"start":{"line":41,"column":2},"end":{"line":41,"column":7}},"loc":{"start":{"line":41,"column":47},"end":{"line":44,"column":3}}},"4":{"name":"(anonymous_8)","decl":{"start":{"line":25,"column":19},"end":{"line":25,"column":22}},"loc":{"start":{"line":25,"column":25},"end":{"line":25,"column":38}}}},"branchMap":{},"s":{"0":0,"1":0,"2":0,"3":0,"4":0,"5":0,"6":0,"7":0,"8":0,"9":0,"10":0,"11":0,"12":0,"13":0,"14":0,"15":0,"16":0,"17":0,"18":0,"19":0,"20":0},"f":{"0":0,"1":0,"2":0,"3":0,"4":0},"b":{}}
,"C:\\projetos\\payment\\user\\src\\api\\dtos\\create-user.dto.ts": {"path":"C:\\projetos\\payment\\user\\src\\api\\dtos\\create-user.dto.ts","statementMap":{"0":{"start":{"line":1,"column":0},"end":{"line":1,"column":46}},"1":{"start":{"line":2,"column":0},"end":{"line":2,"column":null}},"2":{"start":{"line":11,"column":0},"end":{"line":11,"column":13}},"3":{"start":{"line":18,"column":2},"end":{"line":18,"column":null}},"4":{"start":{"line":25,"column":2},"end":{"line":25,"column":null}},"5":{"start":{"line":42,"column":2},"end":{"line":42,"column":null}}},"fnMap":{},"branchMap":{},"s":{"0":0,"1":0,"2":0,"3":0,"4":0,"5":0},"f":{},"b":{}}
,"C:\\projetos\\payment\\user\\src\\api\\dtos\\get-user-by-email.dto.ts": {"path":"C:\\projetos\\payment\\user\\src\\api\\dtos\\get-user-by-email.dto.ts","statementMap":{"0":{"start":{"line":1,"column":0},"end":{"line":1,"column":46}},"1":{"start":{"line":2,"column":0},"end":{"line":2,"column":54}},"2":{"start":{"line":4,"column":0},"end":{"line":4,"column":13}},"3":{"start":{"line":11,"column":2},"end":{"line":11,"column":null}}},"fnMap":{},"branchMap":{},"s":{"0":0,"1":0,"2":0,"3":0},"f":{},"b":{}}
,"C:\\projetos\\payment\\user\\src\\application\\application.module.ts": {"path":"C:\\projetos\\payment\\user\\src\\application\\application.module.ts","statementMap":{"0":{"start":{"line":1,"column":0},"end":{"line":1,"column":40}},"1":{"start":{"line":3,"column":0},"end":{"line":3,"column":46}},"2":{"start":{"line":4,"column":0},"end":{"line":4,"column":42}},"3":{"start":{"line":5,"column":0},"end":{"line":5,"column":68}},"4":{"start":{"line":6,"column":0},"end":{"line":6,"column":79}},"5":{"start":{"line":7,"column":0},"end":{"line":7,"column":67}},"6":{"start":{"line":8,"column":0},"end":{"line":8,"column":76}},"7":{"start":{"line":22,"column":7},"end":{"line":22,"column":null}},"8":{"start":{"line":22,"column":13},"end":{"line":22,"column":22}},"9":{"start":{"line":22,"column":13},"end":{"line":22,"column":null}}},"fnMap":{},"branchMap":{},"s":{"0":0,"1":0,"2":0,"3":0,"4":0,"5":0,"6":0,"7":0,"8":0,"9":0},"f":{},"b":{}}
,"C:\\projetos\\payment\\user\\src\\application\\commands\\create-user.command.ts": {"path":"C:\\projetos\\payment\\user\\src\\application\\commands\\create-user.command.ts","statementMap":{"0":{"start":{"line":1,"column":0},"end":{"line":1,"column":13}}},"fnMap":{},"branchMap":{},"s":{"0":0},"f":{},"b":{}}
,"C:\\projetos\\payment\\user\\src\\application\\commands\\create-user.handler.ts": {"path":"C:\\projetos\\payment\\user\\src\\application\\commands\\create-user.handler.ts","statementMap":{"0":{"start":{"line":1,"column":0},"end":{"line":1,"column":40}},"1":{"start":{"line":2,"column":0},"end":{"line":2,"column":63}},"2":{"start":{"line":4,"column":0},"end":{"line":4,"column":57}},"3":{"start":{"line":5,"column":0},"end":{"line":5,"column":75}},"4":{"start":{"line":6,"column":0},"end":{"line":6,"column":92}},"5":{"start":{"line":7,"column":0},"end":{"line":7,"column":58}},"6":{"start":{"line":10,"column":7},"end":{"line":27,"column":null}},"7":{"start":{"line":14,"column":49},"end":{"line":14,"column":59}},"8":{"start":{"line":18,"column":15},"end":{"line":18,"column":61}},"9":{"start":{"line":19,"column":4},"end":{"line":22,"column":8}},"10":{"start":{"line":20,"column":6},"end":{"line":22,"column":8}},"11":{"start":{"line":24,"column":4},"end":{"line":24,"column":51}},"12":{"start":{"line":25,"column":4},"end":{"line":25,"column":16}},"13":{"start":{"line":10,"column":13},"end":{"line":10,"column":30}},"14":{"start":{"line":10,"column":13},"end":{"line":27,"column":null}}},"fnMap":{"0":{"name":"(anonymous_4)","decl":{"start":{"line":13,"column":2},"end":{"line":13,"column":null}},"loc":{"start":{"line":14,"column":73},"end":{"line":15,"column":6}}},"1":{"name":"(anonymous_5)","decl":{"start":{"line":17,"column":2},"end":{"line":17,"column":7}},"loc":{"start":{"line":17,"column":42},"end":{"line":26,"column":3}}}},"branchMap":{"0":{"loc":{"start":{"line":19,"column":4},"end":{"line":22,"column":8}},"type":"if","locations":[{"start":{"line":19,"column":4},"end":{"line":22,"column":8}}]}},"s":{"0":0,"1":0,"2":0,"3":0,"4":0,"5":0,"6":0,"7":0,"8":0,"9":0,"10":0,"11":0,"12":0,"13":0,"14":0},"f":{"0":0,"1":0},"b":{"0":[0]}}
,"C:\\projetos\\payment\\user\\src\\application\\queries\\get-user-by-email.handler.ts": {"path":"C:\\projetos\\payment\\user\\src\\application\\queries\\get-user-by-email.handler.ts","statementMap":{"0":{"start":{"line":1,"column":0},"end":{"line":1,"column":40}},"1":{"start":{"line":2,"column":0},"end":{"line":2,"column":59}},"2":{"start":{"line":4,"column":0},"end":{"line":4,"column":75}},"3":{"start":{"line":5,"column":0},"end":{"line":5,"column":92}},"4":{"start":{"line":6,"column":0},"end":{"line":6,"column":64}},"5":{"start":{"line":9,"column":7},"end":{"line":22,"column":null}},"6":{"start":{"line":13,"column":49},"end":{"line":13,"column":59}},"7":{"start":{"line":16,"column":4},"end":{"line":16,"column":56}},"8":{"start":{"line":20,"column":4},"end":{"line":20,"column":19}},"9":{"start":{"line":9,"column":13},"end":{"line":9,"column":34}},"10":{"start":{"line":9,"column":13},"end":{"line":22,"column":null}}},"fnMap":{"0":{"name":"(anonymous_4)","decl":{"start":{"line":12,"column":2},"end":{"line":12,"column":null}},"loc":{"start":{"line":13,"column":73},"end":{"line":14,"column":6}}},"1":{"name":"(anonymous_5)","decl":{"start":{"line":15,"column":2},"end":{"line":15,"column":7}},"loc":{"start":{"line":15,"column":42},"end":{"line":17,"column":3}}},"2":{"name":"(anonymous_6)","decl":{"start":{"line":19,"column":2},"end":{"line":19,"column":10}},"loc":{"start":{"line":19,"column":10},"end":{"line":21,"column":3}}}},"branchMap":{},"s":{"0":1,"1":1,"2":1,"3":1,"4":1,"5":1,"6":1,"7":1,"8":0,"9":1,"10":1},"f":{"0":1,"1":1,"2":0},"b":{}}
,"C:\\projetos\\payment\\user\\src\\application\\queries\\get-user-by-email.query.ts": {"path":"C:\\projetos\\payment\\user\\src\\application\\queries\\get-user-by-email.query.ts","statementMap":{"0":{"start":{"line":2,"column":23},"end":{"line":2,"column":36}},"1":{"start":{"line":1,"column":0},"end":{"line":1,"column":13}}},"fnMap":{"0":{"name":"(anonymous_0)","decl":{"start":{"line":2,"column":2},"end":{"line":2,"column":23}},"loc":{"start":{"line":2,"column":36},"end":{"line":2,"column":40}}}},"branchMap":{},"s":{"0":1,"1":1},"f":{"0":1},"b":{}}
,"C:\\projetos\\payment\\user\\src\\domain\\dtos\\user.dto.ts": {"path":"C:\\projetos\\payment\\user\\src\\domain\\dtos\\user.dto.ts","statementMap":{"0":{"start":{"line":3,"column":21},"end":{"line":3,"column":32}},"1":{"start":{"line":4,"column":21},"end":{"line":4,"column":34}},"2":{"start":{"line":1,"column":0},"end":{"line":1,"column":13}}},"fnMap":{"0":{"name":"(anonymous_0)","decl":{"start":{"line":2,"column":2},"end":{"line":2,"column":null}},"loc":{"start":{"line":4,"column":34},"end":{"line":5,"column":6}}}},"branchMap":{},"s":{"0":0,"1":0,"2":0},"f":{"0":0},"b":{}}
,"C:\\projetos\\payment\\user\\src\\domain\\entities\\user.entity.ts": {"path":"C:\\projetos\\payment\\user\\src\\domain\\entities\\user.entity.ts","statementMap":{"0":{"start":{"line":3,"column":20},"end":{"line":3,"column":30}},"1":{"start":{"line":4,"column":20},"end":{"line":4,"column":32}},"2":{"start":{"line":5,"column":20},"end":{"line":5,"column":33}},"3":{"start":{"line":6,"column":20},"end":{"line":6,"column":36}},"4":{"start":{"line":1,"column":0},"end":{"line":1,"column":13}}},"fnMap":{"0":{"name":"(anonymous_0)","decl":{"start":{"line":2,"column":2},"end":{"line":2,"column":null}},"loc":{"start":{"line":6,"column":36},"end":{"line":7,"column":6}}}},"branchMap":{},"s":{"0":0,"1":0,"2":0,"3":0,"4":1},"f":{"0":0},"b":{}}
,"C:\\projetos\\payment\\user\\src\\domain\\repositories\\user.repository.ts": {"path":"C:\\projetos\\payment\\user\\src\\domain\\repositories\\user.repository.ts","statementMap":{"0":{"start":{"line":3,"column":0},"end":{"line":3,"column":22}}},"fnMap":{},"branchMap":{},"s":{"0":1},"f":{},"b":{}}
,"C:\\projetos\\payment\\user\\src\\infrastructure\\infrastructure.module.ts": {"path":"C:\\projetos\\payment\\user\\src\\infrastructure\\infrastructure.module.ts","statementMap":{"0":{"start":{"line":1,"column":0},"end":{"line":1,"column":40}},"1":{"start":{"line":2,"column":0},"end":{"line":2,"column":75}},"2":{"start":{"line":3,"column":0},"end":{"line":3,"column":73}},"3":{"start":{"line":10,"column":7},"end":{"line":10,"column":null}},"4":{"start":{"line":10,"column":13},"end":{"line":10,"column":33}},"5":{"start":{"line":10,"column":13},"end":{"line":10,"column":null}}},"fnMap":{},"branchMap":{},"s":{"0":0,"1":0,"2":0,"3":0,"4":0,"5":0},"f":{},"b":{}}
,"C:\\projetos\\payment\\user\\src\\infrastructure\\config\\mongoose.config.ts": {"path":"C:\\projetos\\payment\\user\\src\\infrastructure\\config\\mongoose.config.ts","statementMap":{"0":{"start":{"line":1,"column":0},"end":{"line":1,"column":50}},"1":{"start":{"line":2,"column":0},"end":{"line":2,"column":52}},"2":{"start":{"line":4,"column":13},"end":{"line":4,"column":77}},"3":{"start":{"line":5,"column":13},"end":{"line":7,"column":3}}},"fnMap":{},"branchMap":{},"s":{"0":0,"1":0,"2":0,"3":0},"f":{},"b":{}}
,"C:\\projetos\\payment\\user\\src\\infrastructure\\repositories\\user.repository.impl.ts": {"path":"C:\\projetos\\payment\\user\\src\\infrastructure\\repositories\\user.repository.impl.ts","statementMap":{"0":{"start":{"line":1,"column":0},"end":{"line":1,"column":44}},"1":{"start":{"line":2,"column":0},"end":{"line":2,"column":47}},"2":{"start":{"line":3,"column":0},"end":{"line":3,"column":33}},"3":{"start":{"line":4,"column":0},"end":{"line":4,"column":57}},"4":{"start":{"line":10,"column":7},"end":{"line":33,"column":null}},"5":{"start":{"line":12,"column":42},"end":{"line":12,"column":53}},"6":{"start":{"line":15,"column":18},"end":{"line":15,"column":59}},"7":{"start":{"line":16,"column":4},"end":{"line":18,"column":7}},"8":{"start":{"line":17,"column":6},"end":{"line":17,"column":69}},"9":{"start":{"line":22,"column":17},"end":{"line":22,"column":63}},"10":{"start":{"line":23,"column":4},"end":{"line":25,"column":13}},"11":{"start":{"line":29,"column":25},"end":{"line":29,"column":49}},"12":{"start":{"line":30,"column":18},"end":{"line":30,"column":43}},"13":{"start":{"line":31,"column":4},"end":{"line":31,"column":25}},"14":{"start":{"line":10,"column":13},"end":{"line":10,"column":31}},"15":{"start":{"line":10,"column":13},"end":{"line":33,"column":null}}},"fnMap":{"0":{"name":"(anonymous_4)","decl":{"start":{"line":11,"column":2},"end":{"line":11,"column":null}},"loc":{"start":{"line":12,"column":72},"end":{"line":13,"column":6}}},"1":{"name":"(anonymous_5)","decl":{"start":{"line":14,"column":2},"end":{"line":14,"column":7}},"loc":{"start":{"line":14,"column":15},"end":{"line":19,"column":3}}},"2":{"name":"(anonymous_6)","decl":{"start":{"line":16,"column":21},"end":{"line":16,"column":22}},"loc":{"start":{"line":16,"column":30},"end":{"line":18,"column":5}}},"3":{"name":"(anonymous_7)","decl":{"start":{"line":21,"column":2},"end":{"line":21,"column":7}},"loc":{"start":{"line":21,"column":33},"end":{"line":26,"column":3}}},"4":{"name":"(anonymous_8)","decl":{"start":{"line":28,"column":2},"end":{"line":28,"column":7}},"loc":{"start":{"line":28,"column":25},"end":{"line":32,"column":3}}}},"branchMap":{"0":{"loc":{"start":{"line":23,"column":11},"end":{"line":25,"column":12}},"type":"cond-expr","locations":[{"start":{"line":24,"column":8},"end":{"line":24,"column":63}},{"start":{"line":25,"column":8},"end":{"line":25,"column":12}}]}},"s":{"0":1,"1":1,"2":1,"3":1,"4":1,"5":0,"6":0,"7":0,"8":0,"9":0,"10":0,"11":0,"12":0,"13":0,"14":1,"15":1},"f":{"0":0,"1":0,"2":0,"3":0,"4":0},"b":{"0":[0,0]}}
,"C:\\projetos\\payment\\user\\src\\infrastructure\\schemas\\user.schema.ts": {"path":"C:\\projetos\\payment\\user\\src\\infrastructure\\schemas\\user.schema.ts","statementMap":{"0":{"start":{"line":1,"column":0},"end":{"line":1,"column":44}},"1":{"start":{"line":3,"column":13},"end":{"line":7,"column":3}}},"fnMap":{},"branchMap":{},"s":{"0":0,"1":0},"f":{},"b":{}}
}
